2021-09-17 04:23:55,907 PyTorch Version: 1.7.1
2021-09-17 04:23:55,969 GPU List: ['GeForce GTX 1080 Ti', 'GeForce GTX 1080 Ti', 'GeForce GTX 1080 Ti', 'GeForce GTX 1080 Ti', 'GeForce GTX 1080 Ti', 'GeForce GTX 1080 Ti', 'GeForce GTX 1080 Ti', 'GeForce GTX 1080 Ti']
2021-09-17 04:23:55,976 num_classes: 10
2021-09-17 04:23:55,976 epochs: 60
2021-09-17 04:23:55,976 grad_clip: 5.0
2021-09-17 04:23:55,976 log_frequency: 100
2021-09-17 04:23:55,976 model: {'name': 'ResNet18', 'num_classes': 10}
2021-09-17 04:23:55,976 criterion: {'name': 'CrossEntropyLoss'}
2021-09-17 04:23:55,976 optimizer: {'name': 'SGD', 'lr': 0.1, 'weight_decay': 0.0005, 'momentum': 0.9}
2021-09-17 04:23:55,977 scheduler: {'name': 'CosineAnnealingLR', 'T_max': 60, 'eta_min': 0.0}
2021-09-17 04:23:55,977 dataset: {'name': 'DatasetGenerator', 'train_batch_size': 128, 'eval_batch_size': 128}
2021-09-17 04:23:55,977 seed: 0
2021-09-17 04:23:55,977 version: resnet18
2021-09-17 04:23:55,977 exp_name: ../experiments/min-min/samplewise/cifar10/std_epsilon8/main
2021-09-17 04:23:55,977 config_path: ../configs/cifar10
2021-09-17 04:23:55,978 load_model: False
2021-09-17 04:23:55,978 data_parallel: False
2021-09-17 04:23:55,978 train: True
2021-09-17 04:23:55,978 eval: True
2021-09-17 04:23:55,978 eval_bias: False
2021-09-17 04:23:55,978 save_frequency: -1
2021-09-17 04:23:55,978 epochs: 60
2021-09-17 04:23:55,978 train_face: False
2021-09-17 04:23:55,978 train_portion: 1.0
2021-09-17 04:23:55,978 train_batch_size: 128
2021-09-17 04:23:55,978 eval_batch_size: 256
2021-09-17 04:23:55,979 num_of_workers: 8
2021-09-17 04:23:55,979 train_data_type: PoisonCIFAR10
2021-09-17 04:23:55,979 test_data_type: CIFAR10
2021-09-17 04:23:55,979 train_data_path: ../datasets
2021-09-17 04:23:55,979 test_data_path: ../datasets
2021-09-17 04:23:55,979 perturb_type: samplewise
2021-09-17 04:23:55,979 patch_location: center
2021-09-17 04:23:55,979 poison_rate: 1.0
2021-09-17 04:23:55,979 perturb_tensor_filepath: ../experiments/min-min/samplewise/cifar10/std_epsilon8/perturbation/resnet18/perturbation.pt
2021-09-17 04:23:55,979 mask_rate: 1.0
2021-09-17 04:23:55,979 output_confusion: False
2021-09-17 04:23:55,980 attack_type: pgd20
2021-09-17 04:24:09,393 Training Dataset: Dataset PoisonCIFAR10
    Number of datapoints: 50000
    Root location: ../datasets
    Split: Train
    StandardTransform
Transform: Compose(
               RandomCrop(size=(32, 32), padding=4)
               RandomHorizontalFlip(p=0.5)
               ToTensor()
           )
2021-09-17 04:24:09,393 Test Dataset: Dataset CIFAR10
    Number of datapoints: 10000
    Root location: ../datasets
    Split: Test
    StandardTransform
Transform: Compose(
               ToTensor()
           )
2021-09-17 04:24:09,404 [    0     1     2 ... 49997 49998 49999]
2021-09-17 04:24:09,404 Poisoned: 50000/50000
2021-09-17 04:24:09,405 Poisoned samples idx saved at ../experiments/min-min/samplewise/cifar10/std_epsilon8/main/resnet18/poison_targets
2021-09-17 04:24:09,405 Poisoned Class []
2021-09-17 04:24:09,407 param size = 11.173962MB
2021-09-17 04:24:09,409 
2021-09-17 04:24:09,409 ====================Training Epoch 0====================
2021-09-17 04:24:10,864 epoch=0	global_step=0	acc=0.1250	acc_avg=0.1250	loss=2.3204	loss_avg=2.3204	lr=0.1000	|gn|=6.8266	time=0.92it/s
2021-09-17 04:24:17,696 epoch=0	global_step=100	acc=0.3438	acc_avg=0.2265	loss=1.8729	loss_avg=2.2496	lr=0.1000	|gn|=0.9326	time=14.99it/s
2021-09-17 04:24:24,420 epoch=0	global_step=200	acc=0.4766	acc_avg=0.3106	loss=1.4551	loss_avg=1.9155	lr=0.1000	|gn|=1.8074	time=15.62it/s
2021-09-17 04:24:31,251 epoch=0	global_step=300	acc=0.7344	acc_avg=0.4275	loss=0.7568	loss_avg=1.5670	lr=0.1000	|gn|=1.7599	time=13.86it/s
2021-09-17 04:24:37,493 ====================Eval Epoch 0====================
2021-09-17 04:26:07,372 epoch=0	global_step=39	acc=0.0000	acc_avg=0.1529	acc5=0.5625	acc5_avg=0.6658	loss=7.5392	loss_avg=6.1035	_acc=0.0000	_acc_avg=0.1529	pgd20=0.0000	pgd20_avg=0.0000	time=1.46it/s
2021-09-17 04:26:07,373 Eval Loss:6.1035	Eval acc: 15.29
2021-09-17 04:26:07,581 Model Saved at ../experiments/min-min/samplewise/cifar10/std_epsilon8/main/resnet18/checkpoints/resnet18
2021-09-17 04:26:07,581 
2021-09-17 04:26:07,581 ====================Training Epoch 1====================
2021-09-17 04:26:08,792 epoch=1	global_step=400	acc=0.8281	acc_avg=0.8267	loss=0.5312	loss_avg=0.4759	lr=0.0999	|gn|=1.6247	time=14.88it/s
2021-09-17 04:26:15,822 epoch=1	global_step=500	acc=0.8281	acc_avg=0.8573	loss=0.4063	loss_avg=0.4003	lr=0.0999	|gn|=1.3044	time=13.87it/s
2021-09-17 04:26:22,648 epoch=1	global_step=600	acc=0.8984	acc_avg=0.8695	loss=0.3292	loss_avg=0.3657	lr=0.0999	|gn|=0.9440	time=15.25it/s
2021-09-17 04:26:29,736 epoch=1	global_step=700	acc=0.9062	acc_avg=0.8774	loss=0.2494	loss_avg=0.3439	lr=0.0999	|gn|=0.9216	time=14.30it/s
2021-09-17 04:26:35,260 ====================Eval Epoch 1====================
2021-09-17 04:28:04,408 epoch=1	global_step=39	acc=0.0000	acc_avg=0.1880	acc5=0.8125	acc5_avg=0.7302	loss=6.6380	loss_avg=5.6609	_acc=0.0000	_acc_avg=0.1880	pgd20=0.0000	pgd20_avg=0.0004	time=3.85it/s
2021-09-17 04:28:04,409 Eval Loss:5.6609	Eval acc: 18.80
2021-09-17 04:28:04,694 Model Saved at ../experiments/min-min/samplewise/cifar10/std_epsilon8/main/resnet18/checkpoints/resnet18
2021-09-17 04:28:04,694 
2021-09-17 04:28:04,694 ====================Training Epoch 2====================
2021-09-17 04:28:06,684 epoch=2	global_step=800	acc=0.9766	acc_avg=0.9059	loss=0.1480	loss_avg=0.2563	lr=0.0997	|gn|=0.5396	time=12.83it/s
2021-09-17 04:28:13,931 epoch=2	global_step=900	acc=0.9297	acc_avg=0.9200	loss=0.1708	loss_avg=0.2238	lr=0.0997	|gn|=0.7875	time=13.48it/s
2021-09-17 04:28:21,058 epoch=2	global_step=1000	acc=0.9375	acc_avg=0.9258	loss=0.1357	loss_avg=0.2087	lr=0.0997	|gn|=0.7397	time=14.61it/s
2021-09-17 04:28:28,145 epoch=2	global_step=1100	acc=0.9141	acc_avg=0.9272	loss=0.3477	loss_avg=0.2061	lr=0.0997	|gn|=1.0210	time=14.95it/s
2021-09-17 04:28:32,968 ====================Eval Epoch 2====================
2021-09-17 04:30:02,438 epoch=2	global_step=39	acc=0.0000	acc_avg=0.1917	acc5=0.5000	acc5_avg=0.7190	loss=7.6926	loss_avg=5.6281	_acc=0.0000	_acc_avg=0.1917	pgd20=0.0000	pgd20_avg=0.0011	time=3.22it/s
2021-09-17 04:30:02,439 Eval Loss:5.6281	Eval acc: 19.17
2021-09-17 04:30:02,699 Model Saved at ../experiments/min-min/samplewise/cifar10/std_epsilon8/main/resnet18/checkpoints/resnet18
2021-09-17 04:30:02,700 
2021-09-17 04:30:02,700 ====================Training Epoch 3====================
2021-09-17 04:30:05,394 epoch=3	global_step=1200	acc=0.9453	acc_avg=0.9461	loss=0.1675	loss_avg=0.1586	lr=0.0994	|gn|=0.9058	time=13.90it/s
2021-09-17 04:30:12,532 epoch=3	global_step=1300	acc=0.9531	acc_avg=0.9451	loss=0.1205	loss_avg=0.1578	lr=0.0994	|gn|=0.6083	time=14.18it/s
2021-09-17 04:30:19,685 epoch=3	global_step=1400	acc=0.9609	acc_avg=0.9476	loss=0.0749	loss_avg=0.1523	lr=0.0994	|gn|=0.6193	time=14.05it/s
2021-09-17 04:30:26,809 epoch=3	global_step=1500	acc=0.9453	acc_avg=0.9461	loss=0.1294	loss_avg=0.1550	lr=0.0994	|gn|=0.8040	time=14.72it/s
2021-09-17 04:30:30,983 ====================Eval Epoch 3====================
2021-09-17 04:32:00,350 epoch=3	global_step=39	acc=0.0625	acc_avg=0.1409	acc5=0.6250	acc5_avg=0.6656	loss=11.3060	loss_avg=9.0430	_acc=0.0625	_acc_avg=0.1409	pgd20=0.0000	pgd20_avg=0.0000	time=3.83it/s
2021-09-17 04:32:00,350 Eval Loss:9.0430	Eval acc: 14.09
2021-09-17 04:32:00,661 Model Saved at ../experiments/min-min/samplewise/cifar10/std_epsilon8/main/resnet18/checkpoints/resnet18
2021-09-17 04:32:00,662 
2021-09-17 04:32:00,662 ====================Training Epoch 4====================
2021-09-17 04:32:04,029 epoch=4	global_step=1600	acc=0.9609	acc_avg=0.9499	loss=0.1584	loss_avg=0.1437	lr=0.0989	|gn|=0.9571	time=14.92it/s
2021-09-17 04:32:11,169 epoch=4	global_step=1700	acc=0.9688	acc_avg=0.9511	loss=0.1160	loss_avg=0.1387	lr=0.0989	|gn|=0.6734	time=14.52it/s
2021-09-17 04:32:18,281 epoch=4	global_step=1800	acc=0.9297	acc_avg=0.9521	loss=0.2284	loss_avg=0.1374	lr=0.0989	|gn|=1.2478	time=13.71it/s
2021-09-17 04:32:25,396 epoch=4	global_step=1900	acc=0.9766	acc_avg=0.9540	loss=0.0740	loss_avg=0.1336	lr=0.0989	|gn|=0.5722	time=13.95it/s
2021-09-17 04:32:28,888 ====================Eval Epoch 4====================
2021-09-17 04:33:58,120 epoch=4	global_step=39	acc=0.1250	acc_avg=0.1306	acc5=0.5000	acc5_avg=0.6103	loss=13.0884	loss_avg=10.6208	_acc=0.1250	_acc_avg=0.1306	pgd20=0.0000	pgd20_avg=0.0002	time=3.88it/s
2021-09-17 04:33:58,120 Eval Loss:10.6208	Eval acc: 13.06
2021-09-17 04:33:58,376 Model Saved at ../experiments/min-min/samplewise/cifar10/std_epsilon8/main/resnet18/checkpoints/resnet18
2021-09-17 04:33:58,376 
2021-09-17 04:33:58,376 ====================Training Epoch 5====================
2021-09-17 04:34:02,402 epoch=5	global_step=2000	acc=0.9531	acc_avg=0.9586	loss=0.0878	loss_avg=0.1163	lr=0.0983	|gn|=0.7876	time=13.46it/s
2021-09-17 04:34:09,450 epoch=5	global_step=2100	acc=0.9375	acc_avg=0.9615	loss=0.1830	loss_avg=0.1136	lr=0.0983	|gn|=0.8985	time=14.91it/s
2021-09-17 04:34:16,654 epoch=5	global_step=2200	acc=0.9453	acc_avg=0.9598	loss=0.1737	loss_avg=0.1166	lr=0.0983	|gn|=0.8546	time=14.51it/s
2021-09-17 04:34:23,767 epoch=5	global_step=2300	acc=0.9688	acc_avg=0.9606	loss=0.1040	loss_avg=0.1149	lr=0.0983	|gn|=0.7578	time=14.83it/s
2021-09-17 04:34:26,506 ====================Eval Epoch 5====================
2021-09-17 04:35:55,753 epoch=5	global_step=39	acc=0.0625	acc_avg=0.1610	acc5=0.6875	acc5_avg=0.6794	loss=8.5615	loss_avg=7.5500	_acc=0.0625	_acc_avg=0.1610	pgd20=0.0000	pgd20_avg=0.0003	time=3.77it/s
2021-09-17 04:35:55,754 Eval Loss:7.5500	Eval acc: 16.10
2021-09-17 04:35:56,039 Model Saved at ../experiments/min-min/samplewise/cifar10/std_epsilon8/main/resnet18/checkpoints/resnet18
2021-09-17 04:35:56,039 
2021-09-17 04:35:56,039 ====================Training Epoch 6====================
2021-09-17 04:36:00,901 epoch=6	global_step=2400	acc=0.9453	acc_avg=0.9602	loss=0.1481	loss_avg=0.1140	lr=0.0976	|gn|=0.9091	time=13.94it/s
2021-09-17 04:36:07,959 epoch=6	global_step=2500	acc=0.9375	acc_avg=0.9649	loss=0.1739	loss_avg=0.1030	lr=0.0976	|gn|=0.9617	time=14.70it/s
2021-09-17 04:36:14,969 epoch=6	global_step=2600	acc=0.9453	acc_avg=0.9652	loss=0.1868	loss_avg=0.1025	lr=0.0976	|gn|=1.1923	time=13.94it/s
2021-09-17 04:36:21,883 epoch=6	global_step=2700	acc=0.9688	acc_avg=0.9654	loss=0.1037	loss_avg=0.1025	lr=0.0976	|gn|=0.8879	time=14.88it/s
2021-09-17 04:36:23,963 ====================Eval Epoch 6====================
2021-09-17 04:37:53,187 epoch=6	global_step=39	acc=0.0625	acc_avg=0.1559	acc5=0.5625	acc5_avg=0.6240	loss=6.8141	loss_avg=6.2563	_acc=0.0625	_acc_avg=0.1559	pgd20=0.0000	pgd20_avg=0.0000	time=3.86it/s
2021-09-17 04:37:53,187 Eval Loss:6.2563	Eval acc: 15.59
2021-09-17 04:37:53,460 Model Saved at ../experiments/min-min/samplewise/cifar10/std_epsilon8/main/resnet18/checkpoints/resnet18
2021-09-17 04:37:53,461 
2021-09-17 04:37:53,461 ====================Training Epoch 7====================
2021-09-17 04:37:58,815 epoch=7	global_step=2800	acc=0.9688	acc_avg=0.9645	loss=0.0875	loss_avg=0.1021	lr=0.0967	|gn|=0.6846	time=14.97it/s
2021-09-17 04:38:05,936 epoch=7	global_step=2900	acc=0.9766	acc_avg=0.9626	loss=0.0410	loss_avg=0.1072	lr=0.0967	|gn|=0.5128	time=14.01it/s
2021-09-17 04:38:12,972 epoch=7	global_step=3000	acc=0.9688	acc_avg=0.9643	loss=0.0935	loss_avg=0.1041	lr=0.0967	|gn|=0.8333	time=14.91it/s
2021-09-17 04:38:20,057 epoch=7	global_step=3100	acc=0.9609	acc_avg=0.9648	loss=0.0729	loss_avg=0.1021	lr=0.0967	|gn|=0.6835	time=13.88it/s
2021-09-17 04:38:21,386 ====================Eval Epoch 7====================
2021-09-17 04:39:50,652 epoch=7	global_step=39	acc=0.0000	acc_avg=0.1333	acc5=0.4375	acc5_avg=0.5550	loss=7.9870	loss_avg=6.5513	_acc=0.0000	_acc_avg=0.1333	pgd20=0.0000	pgd20_avg=0.0001	time=3.69it/s
2021-09-17 04:39:50,652 Eval Loss:6.5513	Eval acc: 13.33
2021-09-17 04:39:51,008 Model Saved at ../experiments/min-min/samplewise/cifar10/std_epsilon8/main/resnet18/checkpoints/resnet18
2021-09-17 04:39:51,008 
2021-09-17 04:39:51,009 ====================Training Epoch 8====================
2021-09-17 04:39:57,315 epoch=8	global_step=3200	acc=0.9609	acc_avg=0.9697	loss=0.1089	loss_avg=0.0901	lr=0.0957	|gn|=1.0644	time=14.05it/s
2021-09-17 04:40:04,499 epoch=8	global_step=3300	acc=0.9375	acc_avg=0.9676	loss=0.1661	loss_avg=0.0962	lr=0.0957	|gn|=1.0383	time=13.26it/s
2021-09-17 04:40:11,772 epoch=8	global_step=3400	acc=0.9844	acc_avg=0.9691	loss=0.0451	loss_avg=0.0915	lr=0.0957	|gn|=0.5150	time=12.49it/s
2021-09-17 04:40:18,933 epoch=8	global_step=3500	acc=0.9844	acc_avg=0.9695	loss=0.0817	loss_avg=0.0900	lr=0.0957	|gn|=0.5574	time=14.65it/s
2021-09-17 04:40:19,618 ====================Eval Epoch 8====================
2021-09-17 04:41:48,808 epoch=8	global_step=39	acc=0.0000	acc_avg=0.1306	acc5=0.6250	acc5_avg=0.6130	loss=10.8082	loss_avg=9.0033	_acc=0.0000	_acc_avg=0.1306	pgd20=0.0000	pgd20_avg=0.0000	time=3.85it/s
2021-09-17 04:41:48,809 Eval Loss:9.0033	Eval acc: 13.06
2021-09-17 04:41:49,103 Model Saved at ../experiments/min-min/samplewise/cifar10/std_epsilon8/main/resnet18/checkpoints/resnet18
2021-09-17 04:41:49,103 
2021-09-17 04:41:49,103 ====================Training Epoch 9====================
2021-09-17 04:41:56,069 epoch=9	global_step=3600	acc=0.9766	acc_avg=0.9760	loss=0.0641	loss_avg=0.0752	lr=0.0946	|gn|=0.7322	time=14.04it/s
2021-09-17 04:42:03,219 epoch=9	global_step=3700	acc=0.9922	acc_avg=0.9719	loss=0.0568	loss_avg=0.0849	lr=0.0946	|gn|=0.5450	time=13.93it/s
2021-09-17 04:42:10,197 epoch=9	global_step=3800	acc=0.9766	acc_avg=0.9717	loss=0.0661	loss_avg=0.0853	lr=0.0946	|gn|=0.5793	time=14.72it/s
2021-09-17 04:42:17,220 ====================Eval Epoch 9====================
2021-09-17 04:43:46,384 epoch=9	global_step=39	acc=0.0000	acc_avg=0.1359	acc5=0.5625	acc5_avg=0.6014	loss=10.1564	loss_avg=8.7442	_acc=0.0000	_acc_avg=0.1359	pgd20=0.0000	pgd20_avg=0.0000	time=3.84it/s
2021-09-17 04:43:46,384 Eval Loss:8.7442	Eval acc: 13.59
2021-09-17 04:43:46,702 Model Saved at ../experiments/min-min/samplewise/cifar10/std_epsilon8/main/resnet18/checkpoints/resnet18
2021-09-17 04:43:46,702 
2021-09-17 04:43:46,702 ====================Training Epoch 10====================
2021-09-17 04:43:47,194 epoch=10	global_step=3900	acc=0.9922	acc_avg=0.9922	loss=0.0525	loss_avg=0.0525	lr=0.0933	|gn|=0.4767	time=13.42it/s
2021-09-17 04:43:54,282 epoch=10	global_step=4000	acc=0.9688	acc_avg=0.9721	loss=0.0786	loss_avg=0.0842	lr=0.0933	|gn|=0.8373	time=15.00it/s
2021-09-17 04:44:01,424 epoch=10	global_step=4100	acc=0.9766	acc_avg=0.9729	loss=0.0669	loss_avg=0.0823	lr=0.0933	|gn|=0.7103	time=14.56it/s
2021-09-17 04:44:08,465 epoch=10	global_step=4200	acc=1.0000	acc_avg=0.9711	loss=0.0333	loss_avg=0.0871	lr=0.0933	|gn|=0.4516	time=13.73it/s
2021-09-17 04:44:14,745 ====================Eval Epoch 10====================
2021-09-17 04:45:43,917 epoch=10	global_step=39	acc=0.0000	acc_avg=0.1259	acc5=0.3125	acc5_avg=0.5881	loss=11.9367	loss_avg=9.5950	_acc=0.0000	_acc_avg=0.1259	pgd20=0.0000	pgd20_avg=0.0000	time=3.84it/s
2021-09-17 04:45:43,917 Eval Loss:9.5950	Eval acc: 12.59
2021-09-17 04:45:44,224 Model Saved at ../experiments/min-min/samplewise/cifar10/std_epsilon8/main/resnet18/checkpoints/resnet18
2021-09-17 04:45:44,224 
2021-09-17 04:45:44,224 ====================Training Epoch 11====================
2021-09-17 04:45:45,477 epoch=11	global_step=4300	acc=0.9844	acc_avg=0.9688	loss=0.0509	loss_avg=0.0957	lr=0.0919	|gn|=0.5954	time=14.13it/s
2021-09-17 04:45:52,480 epoch=11	global_step=4400	acc=0.9766	acc_avg=0.9700	loss=0.0653	loss_avg=0.0890	lr=0.0919	|gn|=0.5717	time=14.53it/s
2021-09-17 04:45:59,460 epoch=11	global_step=4500	acc=0.9844	acc_avg=0.9706	loss=0.0682	loss_avg=0.0866	lr=0.0919	|gn|=0.5871	time=14.75it/s
2021-09-17 04:46:06,369 epoch=11	global_step=4600	acc=0.9766	acc_avg=0.9715	loss=0.0979	loss_avg=0.0840	lr=0.0919	|gn|=0.7676	time=14.16it/s
2021-09-17 04:46:11,961 ====================Eval Epoch 11====================
2021-09-17 04:47:41,123 epoch=11	global_step=39	acc=0.0625	acc_avg=0.1873	acc5=0.6250	acc5_avg=0.6839	loss=5.6550	loss_avg=4.4183	_acc=0.0625	_acc_avg=0.1873	pgd20=0.0000	pgd20_avg=0.0000	time=3.84it/s
2021-09-17 04:47:41,124 Eval Loss:4.4183	Eval acc: 18.73
2021-09-17 04:47:41,422 Model Saved at ../experiments/min-min/samplewise/cifar10/std_epsilon8/main/resnet18/checkpoints/resnet18
2021-09-17 04:47:41,422 
2021-09-17 04:47:41,423 ====================Training Epoch 12====================
2021-09-17 04:47:43,327 epoch=12	global_step=4700	acc=0.9375	acc_avg=0.9769	loss=0.1639	loss_avg=0.0703	lr=0.0905	|gn|=1.1293	time=14.86it/s
2021-09-17 04:47:50,255 epoch=12	global_step=4800	acc=0.9766	acc_avg=0.9760	loss=0.0598	loss_avg=0.0720	lr=0.0905	|gn|=0.7332	time=15.24it/s
2021-09-17 04:47:57,033 epoch=12	global_step=4900	acc=0.9688	acc_avg=0.9744	loss=0.1143	loss_avg=0.0778	lr=0.0905	|gn|=0.6950	time=13.89it/s
2021-09-17 04:48:03,874 epoch=12	global_step=5000	acc=0.9922	acc_avg=0.9732	loss=0.0263	loss_avg=0.0820	lr=0.0905	|gn|=0.4536	time=14.04it/s
2021-09-17 04:48:08,648 ====================Eval Epoch 12====================
2021-09-17 04:49:37,827 epoch=12	global_step=39	acc=0.0000	acc_avg=0.1345	acc5=0.4375	acc5_avg=0.6189	loss=10.6173	loss_avg=9.2240	_acc=0.0000	_acc_avg=0.1345	pgd20=0.0000	pgd20_avg=0.0002	time=3.78it/s
2021-09-17 04:49:37,828 Eval Loss:9.2240	Eval acc: 13.45
2021-09-17 04:49:38,142 Model Saved at ../experiments/min-min/samplewise/cifar10/std_epsilon8/main/resnet18/checkpoints/resnet18
2021-09-17 04:49:38,142 
2021-09-17 04:49:38,142 ====================Training Epoch 13====================
2021-09-17 04:49:40,755 epoch=13	global_step=5100	acc=0.9844	acc_avg=0.9821	loss=0.0521	loss_avg=0.0556	lr=0.0889	|gn|=0.6804	time=15.05it/s
2021-09-17 04:49:47,867 epoch=13	global_step=5200	acc=0.9609	acc_avg=0.9763	loss=0.0639	loss_avg=0.0702	lr=0.0889	|gn|=0.6810	time=14.69it/s
2021-09-17 04:49:54,977 epoch=13	global_step=5300	acc=0.9766	acc_avg=0.9754	loss=0.0541	loss_avg=0.0742	lr=0.0889	|gn|=0.5769	time=13.98it/s
2021-09-17 04:50:01,682 epoch=13	global_step=5400	acc=0.9766	acc_avg=0.9744	loss=0.0732	loss_avg=0.0777	lr=0.0889	|gn|=0.5417	time=15.17it/s
2021-09-17 04:50:05,806 ====================Eval Epoch 13====================
2021-09-17 04:51:34,962 epoch=13	global_step=39	acc=0.0625	acc_avg=0.1709	acc5=0.6250	acc5_avg=0.5997	loss=8.4793	loss_avg=7.1279	_acc=0.0625	_acc_avg=0.1709	pgd20=0.0000	pgd20_avg=0.0000	time=3.82it/s
2021-09-17 04:51:34,963 Eval Loss:7.1279	Eval acc: 17.09
2021-09-17 04:51:35,277 Model Saved at ../experiments/min-min/samplewise/cifar10/std_epsilon8/main/resnet18/checkpoints/resnet18
2021-09-17 04:51:35,278 
2021-09-17 04:51:35,278 ====================Training Epoch 14====================
2021-09-17 04:51:38,678 epoch=14	global_step=5500	acc=0.9844	acc_avg=0.9678	loss=0.0677	loss_avg=0.0876	lr=0.0872	|gn|=0.7440	time=13.96it/s
2021-09-17 04:51:45,553 epoch=14	global_step=5600	acc=0.9844	acc_avg=0.9735	loss=0.0363	loss_avg=0.0775	lr=0.0872	|gn|=0.5736	time=14.45it/s
2021-09-17 04:51:52,420 epoch=14	global_step=5700	acc=0.9922	acc_avg=0.9744	loss=0.0368	loss_avg=0.0759	lr=0.0872	|gn|=0.4392	time=14.18it/s
2021-09-17 04:51:59,231 epoch=14	global_step=5800	acc=0.9766	acc_avg=0.9745	loss=0.0744	loss_avg=0.0758	lr=0.0872	|gn|=0.7830	time=15.04it/s
2021-09-17 04:52:02,674 ====================Eval Epoch 14====================
2021-09-17 04:53:31,812 epoch=14	global_step=39	acc=0.0000	acc_avg=0.1589	acc5=0.5000	acc5_avg=0.6600	loss=9.6549	loss_avg=8.4623	_acc=0.0000	_acc_avg=0.1589	pgd20=0.0000	pgd20_avg=0.0000	time=3.82it/s
2021-09-17 04:53:31,813 Eval Loss:8.4623	Eval acc: 15.89
2021-09-17 04:53:32,081 Model Saved at ../experiments/min-min/samplewise/cifar10/std_epsilon8/main/resnet18/checkpoints/resnet18
2021-09-17 04:53:32,081 
2021-09-17 04:53:32,081 ====================Training Epoch 15====================
2021-09-17 04:53:35,998 epoch=15	global_step=5900	acc=0.9688	acc_avg=0.9766	loss=0.0807	loss_avg=0.0687	lr=0.0854	|gn|=0.8070	time=14.69it/s
2021-09-17 04:53:43,014 epoch=15	global_step=6000	acc=0.9922	acc_avg=0.9773	loss=0.0265	loss_avg=0.0657	lr=0.0854	|gn|=0.4621	time=15.16it/s
2021-09-17 04:53:49,747 epoch=15	global_step=6100	acc=0.9922	acc_avg=0.9777	loss=0.0315	loss_avg=0.0674	lr=0.0854	|gn|=0.4259	time=14.84it/s
2021-09-17 04:53:56,669 epoch=15	global_step=6200	acc=0.9688	acc_avg=0.9761	loss=0.0908	loss_avg=0.0723	lr=0.0854	|gn|=0.6547	time=13.67it/s
2021-09-17 04:53:59,395 ====================Eval Epoch 15====================
2021-09-17 04:55:28,592 epoch=15	global_step=39	acc=0.0625	acc_avg=0.1675	acc5=0.5000	acc5_avg=0.6875	loss=8.5683	loss_avg=6.8935	_acc=0.0625	_acc_avg=0.1675	pgd20=0.0000	pgd20_avg=0.0000	time=3.60it/s
2021-09-17 04:55:28,593 Eval Loss:6.8935	Eval acc: 16.75
2021-09-17 04:55:28,906 Model Saved at ../experiments/min-min/samplewise/cifar10/std_epsilon8/main/resnet18/checkpoints/resnet18
2021-09-17 04:55:28,906 
2021-09-17 04:55:28,906 ====================Training Epoch 16====================
2021-09-17 04:55:33,560 epoch=16	global_step=6300	acc=0.9922	acc_avg=0.9741	loss=0.0258	loss_avg=0.0728	lr=0.0835	|gn|=0.4310	time=14.83it/s
2021-09-17 04:55:40,525 epoch=16	global_step=6400	acc=0.9766	acc_avg=0.9762	loss=0.0765	loss_avg=0.0691	lr=0.0835	|gn|=0.6876	time=13.25it/s
2021-09-17 04:55:47,632 epoch=16	global_step=6500	acc=0.9844	acc_avg=0.9755	loss=0.0534	loss_avg=0.0723	lr=0.0835	|gn|=0.7028	time=14.07it/s
2021-09-17 04:55:54,716 epoch=16	global_step=6600	acc=0.9922	acc_avg=0.9762	loss=0.0363	loss_avg=0.0706	lr=0.0835	|gn|=0.4830	time=14.92it/s
2021-09-17 04:55:56,787 ====================Eval Epoch 16====================
2021-09-17 04:57:25,795 epoch=16	global_step=39	acc=0.0000	acc_avg=0.1385	acc5=0.5625	acc5_avg=0.6226	loss=9.0802	loss_avg=7.5174	_acc=0.0000	_acc_avg=0.1385	pgd20=0.0000	pgd20_avg=0.0001	time=3.82it/s
2021-09-17 04:57:25,796 Eval Loss:7.5174	Eval acc: 13.85
2021-09-17 04:57:26,086 Model Saved at ../experiments/min-min/samplewise/cifar10/std_epsilon8/main/resnet18/checkpoints/resnet18
2021-09-17 04:57:26,086 
2021-09-17 04:57:26,087 ====================Training Epoch 17====================
2021-09-17 04:57:31,643 epoch=17	global_step=6700	acc=1.0000	acc_avg=0.9845	loss=0.0118	loss_avg=0.0483	lr=0.0815	|gn|=0.1776	time=13.53it/s
2021-09-17 04:57:38,681 epoch=17	global_step=6800	acc=0.9766	acc_avg=0.9813	loss=0.1019	loss_avg=0.0570	lr=0.0815	|gn|=0.6790	time=14.11it/s
2021-09-17 04:57:45,837 epoch=17	global_step=6900	acc=0.9609	acc_avg=0.9792	loss=0.0853	loss_avg=0.0630	lr=0.0815	|gn|=0.9778	time=14.21it/s
2021-09-17 04:57:52,844 epoch=17	global_step=7000	acc=0.9922	acc_avg=0.9785	loss=0.0298	loss_avg=0.0642	lr=0.0815	|gn|=0.5349	time=14.53it/s
2021-09-17 04:57:54,184 ====================Eval Epoch 17====================
2021-09-17 04:59:23,165 epoch=17	global_step=39	acc=0.1250	acc_avg=0.2089	acc5=0.8125	acc5_avg=0.6866	loss=5.1511	loss_avg=5.0156	_acc=0.1250	_acc_avg=0.2089	pgd20=0.0000	pgd20_avg=0.0001	time=3.85it/s
2021-09-17 04:59:23,165 Eval Loss:5.0156	Eval acc: 20.89
2021-09-17 04:59:23,464 Model Saved at ../experiments/min-min/samplewise/cifar10/std_epsilon8/main/resnet18/checkpoints/resnet18
2021-09-17 04:59:23,464 
2021-09-17 04:59:23,465 ====================Training Epoch 18====================
2021-09-17 04:59:29,660 epoch=18	global_step=7100	acc=0.9844	acc_avg=0.9772	loss=0.0524	loss_avg=0.0714	lr=0.0794	|gn|=0.6315	time=14.63it/s
2021-09-17 04:59:36,814 epoch=18	global_step=7200	acc=0.9297	acc_avg=0.9766	loss=0.1349	loss_avg=0.0737	lr=0.0794	|gn|=1.1253	time=13.53it/s
2021-09-17 04:59:44,068 epoch=18	global_step=7300	acc=0.9453	acc_avg=0.9755	loss=0.1232	loss_avg=0.0746	lr=0.0794	|gn|=1.0964	time=14.00it/s
2021-09-17 04:59:51,125 epoch=18	global_step=7400	acc=0.9844	acc_avg=0.9764	loss=0.0379	loss_avg=0.0712	lr=0.0794	|gn|=0.6109	time=14.59it/s
2021-09-17 04:59:51,802 ====================Eval Epoch 18====================
2021-09-17 05:01:20,789 epoch=18	global_step=39	acc=0.2500	acc_avg=0.2044	acc5=0.5625	acc5_avg=0.6495	loss=7.0453	loss_avg=6.2419	_acc=0.2500	_acc_avg=0.2044	pgd20=0.0000	pgd20_avg=0.0000	time=3.85it/s
2021-09-17 05:01:20,789 Eval Loss:6.2419	Eval acc: 20.44
2021-09-17 05:01:21,049 Model Saved at ../experiments/min-min/samplewise/cifar10/std_epsilon8/main/resnet18/checkpoints/resnet18
2021-09-17 05:01:21,050 
2021-09-17 05:01:21,050 ====================Training Epoch 19====================
2021-09-17 05:01:27,669 epoch=19	global_step=7500	acc=0.9922	acc_avg=0.9815	loss=0.0267	loss_avg=0.0593	lr=0.0772	|gn|=0.4607	time=13.88it/s
2021-09-17 05:01:34,641 epoch=19	global_step=7600	acc=0.9922	acc_avg=0.9792	loss=0.0237	loss_avg=0.0646	lr=0.0772	|gn|=0.4735	time=14.68it/s
2021-09-17 05:01:41,373 epoch=19	global_step=7700	acc=0.9766	acc_avg=0.9788	loss=0.0585	loss_avg=0.0652	lr=0.0772	|gn|=0.7878	time=15.25it/s
2021-09-17 05:01:48,154 ====================Eval Epoch 19====================
2021-09-17 05:03:17,358 epoch=19	global_step=39	acc=0.0000	acc_avg=0.1594	acc5=0.6250	acc5_avg=0.7114	loss=10.0064	loss_avg=8.4067	_acc=0.0000	_acc_avg=0.1594	pgd20=0.0000	pgd20_avg=0.0001	time=3.73it/s
2021-09-17 05:03:17,359 Eval Loss:8.4067	Eval acc: 15.94
2021-09-17 05:03:17,626 Model Saved at ../experiments/min-min/samplewise/cifar10/std_epsilon8/main/resnet18/checkpoints/resnet18
2021-09-17 05:03:17,626 
2021-09-17 05:03:17,626 ====================Training Epoch 20====================
2021-09-17 05:03:18,124 epoch=20	global_step=7800	acc=0.9688	acc_avg=0.9688	loss=0.1091	loss_avg=0.1091	lr=0.0750	|gn|=0.9599	time=13.07it/s
2021-09-17 05:03:25,043 epoch=20	global_step=7900	acc=0.9609	acc_avg=0.9806	loss=0.1190	loss_avg=0.0593	lr=0.0750	|gn|=1.0862	time=14.61it/s
2021-09-17 05:03:31,904 epoch=20	global_step=8000	acc=0.9844	acc_avg=0.9809	loss=0.0448	loss_avg=0.0604	lr=0.0750	|gn|=0.6023	time=13.74it/s
2021-09-17 05:03:39,037 epoch=20	global_step=8100	acc=0.9766	acc_avg=0.9800	loss=0.0744	loss_avg=0.0623	lr=0.0750	|gn|=0.8581	time=12.79it/s
2021-09-17 05:03:45,447 ====================Eval Epoch 20====================
2021-09-17 05:05:14,689 epoch=20	global_step=39	acc=0.0625	acc_avg=0.1548	acc5=0.5625	acc5_avg=0.6330	loss=8.4663	loss_avg=6.5944	_acc=0.0625	_acc_avg=0.1548	pgd20=0.0000	pgd20_avg=0.0000	time=3.75it/s
2021-09-17 05:05:14,690 Eval Loss:6.5944	Eval acc: 15.48
2021-09-17 05:05:14,950 Model Saved at ../experiments/min-min/samplewise/cifar10/std_epsilon8/main/resnet18/checkpoints/resnet18
2021-09-17 05:05:14,951 
2021-09-17 05:05:14,951 ====================Training Epoch 21====================
2021-09-17 05:05:16,139 epoch=21	global_step=8200	acc=0.9922	acc_avg=0.9865	loss=0.0249	loss_avg=0.0407	lr=0.0727	|gn|=0.3814	time=14.85it/s
2021-09-17 05:05:23,097 epoch=21	global_step=8300	acc=0.9922	acc_avg=0.9798	loss=0.0288	loss_avg=0.0600	lr=0.0727	|gn|=0.4469	time=14.99it/s
2021-09-17 05:05:30,058 epoch=21	global_step=8400	acc=0.9688	acc_avg=0.9794	loss=0.0913	loss_avg=0.0629	lr=0.0727	|gn|=0.9940	time=14.79it/s
2021-09-17 05:05:37,117 epoch=21	global_step=8500	acc=0.9922	acc_avg=0.9799	loss=0.0288	loss_avg=0.0622	lr=0.0727	|gn|=0.4360	time=14.90it/s
2021-09-17 05:05:42,658 ====================Eval Epoch 21====================
2021-09-17 05:07:11,917 epoch=21	global_step=39	acc=0.0000	acc_avg=0.1568	acc5=0.5000	acc5_avg=0.6310	loss=8.2118	loss_avg=6.9019	_acc=0.0000	_acc_avg=0.1568	pgd20=0.0000	pgd20_avg=0.0001	time=3.81it/s
2021-09-17 05:07:11,917 Eval Loss:6.9019	Eval acc: 15.68
2021-09-17 05:07:12,228 Model Saved at ../experiments/min-min/samplewise/cifar10/std_epsilon8/main/resnet18/checkpoints/resnet18
2021-09-17 05:07:12,229 
2021-09-17 05:07:12,229 ====================Training Epoch 22====================
2021-09-17 05:07:14,139 epoch=22	global_step=8600	acc=0.9922	acc_avg=0.9821	loss=0.0306	loss_avg=0.0613	lr=0.0703	|gn|=0.4755	time=15.02it/s
2021-09-17 05:07:21,113 epoch=22	global_step=8700	acc=0.9375	acc_avg=0.9809	loss=0.1012	loss_avg=0.0571	lr=0.0703	|gn|=1.2634	time=13.84it/s
2021-09-17 05:07:28,174 epoch=22	global_step=8800	acc=0.9609	acc_avg=0.9823	loss=0.1145	loss_avg=0.0539	lr=0.0703	|gn|=1.3058	time=12.04it/s
2021-09-17 05:07:35,132 epoch=22	global_step=8900	acc=1.0000	acc_avg=0.9815	loss=0.0283	loss_avg=0.0561	lr=0.0703	|gn|=0.5199	time=14.80it/s
2021-09-17 05:07:40,052 ====================Eval Epoch 22====================
2021-09-17 05:09:09,197 epoch=22	global_step=39	acc=0.0000	acc_avg=0.1123	acc5=0.3125	acc5_avg=0.5904	loss=14.2235	loss_avg=11.9971	_acc=0.0000	_acc_avg=0.1123	pgd20=0.0000	pgd20_avg=0.0001	time=3.83it/s
2021-09-17 05:09:09,197 Eval Loss:11.9971	Eval acc: 11.23
2021-09-17 05:09:09,494 Model Saved at ../experiments/min-min/samplewise/cifar10/std_epsilon8/main/resnet18/checkpoints/resnet18
2021-09-17 05:09:09,494 
2021-09-17 05:09:09,494 ====================Training Epoch 23====================
2021-09-17 05:09:12,043 epoch=23	global_step=9000	acc=0.9922	acc_avg=0.9816	loss=0.0429	loss_avg=0.0573	lr=0.0679	|gn|=0.6627	time=14.94it/s
2021-09-17 05:09:18,897 epoch=23	global_step=9100	acc=0.9688	acc_avg=0.9809	loss=0.0870	loss_avg=0.0560	lr=0.0679	|gn|=0.9922	time=15.10it/s
2021-09-17 05:09:25,734 epoch=23	global_step=9200	acc=0.9766	acc_avg=0.9798	loss=0.0651	loss_avg=0.0591	lr=0.0679	|gn|=0.8691	time=14.32it/s
2021-09-17 05:09:32,435 epoch=23	global_step=9300	acc=0.9766	acc_avg=0.9813	loss=0.0557	loss_avg=0.0554	lr=0.0679	|gn|=0.8506	time=14.86it/s
2021-09-17 05:09:36,445 ====================Eval Epoch 23====================
2021-09-17 05:11:05,740 epoch=23	global_step=39	acc=0.0000	acc_avg=0.1447	acc5=0.3750	acc5_avg=0.6094	loss=8.6867	loss_avg=7.5285	_acc=0.0000	_acc_avg=0.1447	pgd20=0.0000	pgd20_avg=0.0000	time=3.63it/s
2021-09-17 05:11:05,740 Eval Loss:7.5285	Eval acc: 14.47
2021-09-17 05:11:06,149 Model Saved at ../experiments/min-min/samplewise/cifar10/std_epsilon8/main/resnet18/checkpoints/resnet18
2021-09-17 05:11:06,149 
2021-09-17 05:11:06,149 ====================Training Epoch 24====================
2021-09-17 05:11:09,437 epoch=24	global_step=9400	acc=0.9844	acc_avg=0.9800	loss=0.0519	loss_avg=0.0601	lr=0.0655	|gn|=0.8288	time=14.20it/s
2021-09-17 05:11:16,500 epoch=24	global_step=9500	acc=0.9766	acc_avg=0.9794	loss=0.0587	loss_avg=0.0629	lr=0.0655	|gn|=1.0592	time=13.96it/s
2021-09-17 05:11:23,482 epoch=24	global_step=9600	acc=1.0000	acc_avg=0.9809	loss=0.0224	loss_avg=0.0581	lr=0.0655	|gn|=0.3264	time=14.20it/s
2021-09-17 05:11:30,479 epoch=24	global_step=9700	acc=0.9922	acc_avg=0.9807	loss=0.0354	loss_avg=0.0592	lr=0.0655	|gn|=0.3814	time=14.64it/s
2021-09-17 05:11:33,929 ====================Eval Epoch 24====================
2021-09-17 05:13:03,118 epoch=24	global_step=39	acc=0.0625	acc_avg=0.1355	acc5=0.5000	acc5_avg=0.6472	loss=10.3982	loss_avg=8.8344	_acc=0.0625	_acc_avg=0.1355	pgd20=0.0000	pgd20_avg=0.0000	time=3.86it/s
2021-09-17 05:13:03,119 Eval Loss:8.8344	Eval acc: 13.55
2021-09-17 05:13:03,408 Model Saved at ../experiments/min-min/samplewise/cifar10/std_epsilon8/main/resnet18/checkpoints/resnet18
2021-09-17 05:13:03,409 
2021-09-17 05:13:03,409 ====================Training Epoch 25====================
2021-09-17 05:13:07,499 epoch=25	global_step=9800	acc=0.9766	acc_avg=0.9845	loss=0.0901	loss_avg=0.0475	lr=0.0629	|gn|=0.9768	time=13.73it/s
2021-09-17 05:13:14,527 epoch=25	global_step=9900	acc=0.9766	acc_avg=0.9835	loss=0.0516	loss_avg=0.0516	lr=0.0629	|gn|=0.7752	time=14.31it/s
2021-09-17 05:13:21,571 epoch=25	global_step=10000	acc=0.9922	acc_avg=0.9828	loss=0.0161	loss_avg=0.0516	lr=0.0629	|gn|=0.3758	time=14.95it/s
2021-09-17 05:13:28,532 epoch=25	global_step=10100	acc=0.9844	acc_avg=0.9828	loss=0.0510	loss_avg=0.0514	lr=0.0629	|gn|=0.9467	time=13.88it/s
2021-09-17 05:13:31,249 ====================Eval Epoch 25====================
2021-09-17 05:15:00,456 epoch=25	global_step=39	acc=0.0625	acc_avg=0.1398	acc5=0.3750	acc5_avg=0.6225	loss=10.2784	loss_avg=8.6619	_acc=0.0625	_acc_avg=0.1398	pgd20=0.0000	pgd20_avg=0.0000	time=3.82it/s
2021-09-17 05:15:00,457 Eval Loss:8.6619	Eval acc: 13.98
2021-09-17 05:15:00,718 Model Saved at ../experiments/min-min/samplewise/cifar10/std_epsilon8/main/resnet18/checkpoints/resnet18
2021-09-17 05:15:00,718 
2021-09-17 05:15:00,718 ====================Training Epoch 26====================
2021-09-17 05:15:05,280 epoch=26	global_step=10200	acc=0.9766	acc_avg=0.9876	loss=0.0595	loss_avg=0.0407	lr=0.0604	|gn|=0.7295	time=14.83it/s
2021-09-17 05:15:12,200 epoch=26	global_step=10300	acc=1.0000	acc_avg=0.9861	loss=0.0132	loss_avg=0.0438	lr=0.0604	|gn|=0.3687	time=13.53it/s
2021-09-17 05:15:19,223 epoch=26	global_step=10400	acc=0.9922	acc_avg=0.9848	loss=0.0275	loss_avg=0.0476	lr=0.0604	|gn|=0.5082	time=14.10it/s
2021-09-17 05:15:26,057 epoch=26	global_step=10500	acc=0.9844	acc_avg=0.9837	loss=0.0583	loss_avg=0.0496	lr=0.0604	|gn|=0.8485	time=14.90it/s
2021-09-17 05:15:28,077 ====================Eval Epoch 26====================
2021-09-17 05:16:57,222 epoch=26	global_step=39	acc=0.1250	acc_avg=0.1767	acc5=0.5625	acc5_avg=0.6588	loss=5.5434	loss_avg=5.0584	_acc=0.1250	_acc_avg=0.1767	pgd20=0.0000	pgd20_avg=0.0000	time=3.88it/s
2021-09-17 05:16:57,222 Eval Loss:5.0584	Eval acc: 17.67
2021-09-17 05:16:57,488 Model Saved at ../experiments/min-min/samplewise/cifar10/std_epsilon8/main/resnet18/checkpoints/resnet18
2021-09-17 05:16:57,488 
2021-09-17 05:16:57,489 ====================Training Epoch 27====================
2021-09-17 05:17:03,036 epoch=27	global_step=10600	acc=0.9766	acc_avg=0.9815	loss=0.1149	loss_avg=0.0535	lr=0.0578	|gn|=0.9268	time=14.59it/s
2021-09-17 05:17:10,293 epoch=27	global_step=10700	acc=0.9766	acc_avg=0.9840	loss=0.0522	loss_avg=0.0491	lr=0.0578	|gn|=0.9750	time=14.67it/s
2021-09-17 05:17:17,235 epoch=27	global_step=10800	acc=0.9766	acc_avg=0.9839	loss=0.0691	loss_avg=0.0484	lr=0.0578	|gn|=0.7870	time=14.45it/s
2021-09-17 05:17:24,261 epoch=27	global_step=10900	acc=0.9922	acc_avg=0.9835	loss=0.0234	loss_avg=0.0488	lr=0.0578	|gn|=0.5546	time=14.89it/s
2021-09-17 05:17:25,624 ====================Eval Epoch 27====================
2021-09-17 05:18:54,694 epoch=27	global_step=39	acc=0.0625	acc_avg=0.1642	acc5=0.5625	acc5_avg=0.6138	loss=7.6218	loss_avg=6.6395	_acc=0.0625	_acc_avg=0.1642	pgd20=0.0000	pgd20_avg=0.0001	time=3.85it/s
2021-09-17 05:18:54,694 Eval Loss:6.6395	Eval acc: 16.42
2021-09-17 05:18:54,974 Model Saved at ../experiments/min-min/samplewise/cifar10/std_epsilon8/main/resnet18/checkpoints/resnet18
2021-09-17 05:18:54,974 
2021-09-17 05:18:54,974 ====================Training Epoch 28====================
2021-09-17 05:19:01,241 epoch=28	global_step=11000	acc=0.9531	acc_avg=0.9829	loss=0.1154	loss_avg=0.0493	lr=0.0552	|gn|=1.1198	time=13.57it/s
2021-09-17 05:19:08,423 epoch=28	global_step=11100	acc=1.0000	acc_avg=0.9851	loss=0.0082	loss_avg=0.0460	lr=0.0552	|gn|=0.1811	time=14.74it/s
2021-09-17 05:19:15,565 epoch=28	global_step=11200	acc=0.9766	acc_avg=0.9855	loss=0.0783	loss_avg=0.0439	lr=0.0552	|gn|=0.9746	time=14.66it/s
2021-09-17 05:19:22,586 epoch=28	global_step=11300	acc=0.9922	acc_avg=0.9842	loss=0.0213	loss_avg=0.0473	lr=0.0552	|gn|=0.4291	time=15.10it/s
2021-09-17 05:19:23,270 ====================Eval Epoch 28====================
2021-09-17 05:20:52,321 epoch=28	global_step=39	acc=0.0625	acc_avg=0.1783	acc5=0.5000	acc5_avg=0.6575	loss=6.3329	loss_avg=5.5996	_acc=0.0625	_acc_avg=0.1783	pgd20=0.0000	pgd20_avg=0.0001	time=3.70it/s
2021-09-17 05:20:52,322 Eval Loss:5.5996	Eval acc: 17.83
2021-09-17 05:20:52,613 Model Saved at ../experiments/min-min/samplewise/cifar10/std_epsilon8/main/resnet18/checkpoints/resnet18
2021-09-17 05:20:52,613 
2021-09-17 05:20:52,613 ====================Training Epoch 29====================
2021-09-17 05:20:59,626 epoch=29	global_step=11400	acc=0.9922	acc_avg=0.9851	loss=0.0249	loss_avg=0.0433	lr=0.0526	|gn|=0.4517	time=15.39it/s
2021-09-17 05:21:06,513 epoch=29	global_step=11500	acc=0.9766	acc_avg=0.9856	loss=0.0605	loss_avg=0.0433	lr=0.0526	|gn|=1.1384	time=13.30it/s
2021-09-17 05:21:13,587 epoch=29	global_step=11600	acc=0.9844	acc_avg=0.9851	loss=0.0548	loss_avg=0.0441	lr=0.0526	|gn|=1.0035	time=14.83it/s
2021-09-17 05:21:20,452 ====================Eval Epoch 29====================
2021-09-17 05:22:49,617 epoch=29	global_step=39	acc=0.0000	acc_avg=0.1248	acc5=0.5000	acc5_avg=0.6249	loss=11.7896	loss_avg=10.0955	_acc=0.0000	_acc_avg=0.1248	pgd20=0.0000	pgd20_avg=0.0000	time=3.84it/s
2021-09-17 05:22:49,618 Eval Loss:10.0955	Eval acc: 12.48
2021-09-17 05:22:49,878 Model Saved at ../experiments/min-min/samplewise/cifar10/std_epsilon8/main/resnet18/checkpoints/resnet18
2021-09-17 05:22:49,878 
2021-09-17 05:22:49,879 ====================Training Epoch 30====================
2021-09-17 05:22:50,390 epoch=30	global_step=11700	acc=0.9844	acc_avg=0.9844	loss=0.0323	loss_avg=0.0323	lr=0.0500	|gn|=0.6779	time=14.37it/s
2021-09-17 05:22:57,050 epoch=30	global_step=11800	acc=0.9844	acc_avg=0.9848	loss=0.0402	loss_avg=0.0466	lr=0.0500	|gn|=0.7588	time=13.42it/s
2021-09-17 05:23:03,881 epoch=30	global_step=11900	acc=0.9844	acc_avg=0.9868	loss=0.0374	loss_avg=0.0410	lr=0.0500	|gn|=1.2817	time=14.28it/s
2021-09-17 05:23:10,884 epoch=30	global_step=12000	acc=0.9766	acc_avg=0.9861	loss=0.0519	loss_avg=0.0427	lr=0.0500	|gn|=0.8368	time=14.83it/s
2021-09-17 05:23:17,112 ====================Eval Epoch 30====================
2021-09-17 05:24:46,235 epoch=30	global_step=39	acc=0.0000	acc_avg=0.1552	acc5=0.5000	acc5_avg=0.6254	loss=7.7623	loss_avg=6.7269	_acc=0.0000	_acc_avg=0.1552	pgd20=0.0000	pgd20_avg=0.0001	time=3.85it/s
2021-09-17 05:24:46,235 Eval Loss:6.7269	Eval acc: 15.52
2021-09-17 05:24:46,510 Model Saved at ../experiments/min-min/samplewise/cifar10/std_epsilon8/main/resnet18/checkpoints/resnet18
2021-09-17 05:24:46,511 
2021-09-17 05:24:46,511 ====================Training Epoch 31====================
2021-09-17 05:24:47,776 epoch=31	global_step=12100	acc=1.0000	acc_avg=0.9901	loss=0.0227	loss_avg=0.0342	lr=0.0474	|gn|=0.5198	time=15.09it/s
2021-09-17 05:24:54,777 epoch=31	global_step=12200	acc=0.9922	acc_avg=0.9887	loss=0.0408	loss_avg=0.0368	lr=0.0474	|gn|=0.9034	time=14.42it/s
2021-09-17 05:25:01,733 epoch=31	global_step=12300	acc=0.9922	acc_avg=0.9878	loss=0.0258	loss_avg=0.0379	lr=0.0474	|gn|=0.7427	time=13.72it/s
2021-09-17 05:25:08,657 epoch=31	global_step=12400	acc=0.9844	acc_avg=0.9875	loss=0.0441	loss_avg=0.0384	lr=0.0474	|gn|=0.9845	time=14.92it/s
2021-09-17 05:25:14,056 ====================Eval Epoch 31====================
2021-09-17 05:26:43,171 epoch=31	global_step=39	acc=0.0000	acc_avg=0.1804	acc5=0.6250	acc5_avg=0.6419	loss=6.3467	loss_avg=5.3992	_acc=0.0000	_acc_avg=0.1804	pgd20=0.0000	pgd20_avg=0.0002	time=3.71it/s
2021-09-17 05:26:43,172 Eval Loss:5.3992	Eval acc: 18.04
2021-09-17 05:26:43,505 Model Saved at ../experiments/min-min/samplewise/cifar10/std_epsilon8/main/resnet18/checkpoints/resnet18
2021-09-17 05:26:43,506 
2021-09-17 05:26:43,506 ====================Training Epoch 32====================
2021-09-17 05:26:45,414 epoch=32	global_step=12500	acc=1.0000	acc_avg=0.9844	loss=0.0222	loss_avg=0.0509	lr=0.0448	|gn|=0.3907	time=14.82it/s
2021-09-17 05:26:52,120 epoch=32	global_step=12600	acc=1.0000	acc_avg=0.9883	loss=0.0091	loss_avg=0.0379	lr=0.0448	|gn|=0.2729	time=14.68it/s
2021-09-17 05:26:59,042 epoch=32	global_step=12700	acc=1.0000	acc_avg=0.9882	loss=0.0136	loss_avg=0.0373	lr=0.0448	|gn|=0.3170	time=14.45it/s
2021-09-17 05:27:06,045 epoch=32	global_step=12800	acc=0.9922	acc_avg=0.9882	loss=0.0299	loss_avg=0.0370	lr=0.0448	|gn|=0.8571	time=15.18it/s
2021-09-17 05:27:10,800 ====================Eval Epoch 32====================
2021-09-17 05:28:39,861 epoch=32	global_step=39	acc=0.0625	acc_avg=0.1493	acc5=0.5625	acc5_avg=0.6559	loss=8.3085	loss_avg=7.0987	_acc=0.0625	_acc_avg=0.1493	pgd20=0.0000	pgd20_avg=0.0001	time=3.83it/s
2021-09-17 05:28:39,862 Eval Loss:7.0987	Eval acc: 14.93
2021-09-17 05:28:40,148 Model Saved at ../experiments/min-min/samplewise/cifar10/std_epsilon8/main/resnet18/checkpoints/resnet18
2021-09-17 05:28:40,148 
2021-09-17 05:28:40,148 ====================Training Epoch 33====================
2021-09-17 05:28:42,785 epoch=33	global_step=12900	acc=0.9922	acc_avg=0.9884	loss=0.0138	loss_avg=0.0384	lr=0.0422	|gn|=0.5516	time=15.17it/s
2021-09-17 05:28:49,866 epoch=33	global_step=13000	acc=0.9688	acc_avg=0.9891	loss=0.0797	loss_avg=0.0352	lr=0.0422	|gn|=1.3471	time=13.77it/s
2021-09-17 05:28:56,884 epoch=33	global_step=13100	acc=0.9922	acc_avg=0.9876	loss=0.0254	loss_avg=0.0368	lr=0.0422	|gn|=0.6261	time=14.46it/s
2021-09-17 05:29:03,801 epoch=33	global_step=13200	acc=0.9844	acc_avg=0.9875	loss=0.0358	loss_avg=0.0374	lr=0.0422	|gn|=0.6714	time=14.72it/s
2021-09-17 05:29:07,860 ====================Eval Epoch 33====================
2021-09-17 05:30:36,869 epoch=33	global_step=39	acc=0.1250	acc_avg=0.1608	acc5=0.6250	acc5_avg=0.6542	loss=7.4174	loss_avg=6.6411	_acc=0.1250	_acc_avg=0.1608	pgd20=0.0000	pgd20_avg=0.0002	time=3.83it/s
2021-09-17 05:30:36,870 Eval Loss:6.6411	Eval acc: 16.08
2021-09-17 05:30:37,146 Model Saved at ../experiments/min-min/samplewise/cifar10/std_epsilon8/main/resnet18/checkpoints/resnet18
2021-09-17 05:30:37,147 
2021-09-17 05:30:37,147 ====================Training Epoch 34====================
2021-09-17 05:30:40,499 epoch=34	global_step=13300	acc=0.9922	acc_avg=0.9924	loss=0.0307	loss_avg=0.0245	lr=0.0396	|gn|=0.9532	time=13.65it/s
2021-09-17 05:30:47,528 epoch=34	global_step=13400	acc=0.9922	acc_avg=0.9922	loss=0.0170	loss_avg=0.0261	lr=0.0396	|gn|=0.4507	time=13.38it/s
2021-09-17 05:30:54,792 epoch=34	global_step=13500	acc=1.0000	acc_avg=0.9908	loss=0.0083	loss_avg=0.0293	lr=0.0396	|gn|=0.2330	time=13.69it/s
2021-09-17 05:31:01,894 epoch=34	global_step=13600	acc=0.9766	acc_avg=0.9895	loss=0.0492	loss_avg=0.0327	lr=0.0396	|gn|=0.9222	time=14.36it/s
2021-09-17 05:31:05,386 ====================Eval Epoch 34====================
2021-09-17 05:32:34,398 epoch=34	global_step=39	acc=0.0000	acc_avg=0.1692	acc5=0.6875	acc5_avg=0.6319	loss=8.1441	loss_avg=6.4590	_acc=0.0000	_acc_avg=0.1692	pgd20=0.0000	pgd20_avg=0.0001	time=3.67it/s
2021-09-17 05:32:34,398 Eval Loss:6.4590	Eval acc: 16.92
2021-09-17 05:32:34,660 Model Saved at ../experiments/min-min/samplewise/cifar10/std_epsilon8/main/resnet18/checkpoints/resnet18
2021-09-17 05:32:34,661 
2021-09-17 05:32:34,661 ====================Training Epoch 35====================
2021-09-17 05:32:38,599 epoch=35	global_step=13700	acc=1.0000	acc_avg=0.9881	loss=0.0086	loss_avg=0.0358	lr=0.0371	|gn|=0.4046	time=13.94it/s
2021-09-17 05:32:45,588 epoch=35	global_step=13800	acc=1.0000	acc_avg=0.9907	loss=0.0097	loss_avg=0.0295	lr=0.0371	|gn|=0.4465	time=14.50it/s
2021-09-17 05:32:52,625 epoch=35	global_step=13900	acc=0.9766	acc_avg=0.9899	loss=0.0585	loss_avg=0.0305	lr=0.0371	|gn|=1.1724	time=14.80it/s
2021-09-17 05:32:59,741 epoch=35	global_step=14000	acc=0.9922	acc_avg=0.9891	loss=0.0266	loss_avg=0.0332	lr=0.0371	|gn|=0.9483	time=15.04it/s
2021-09-17 05:33:02,405 ====================Eval Epoch 35====================
2021-09-17 05:34:31,444 epoch=35	global_step=39	acc=0.0000	acc_avg=0.1519	acc5=0.4375	acc5_avg=0.6662	loss=8.5106	loss_avg=6.8549	_acc=0.0000	_acc_avg=0.1519	pgd20=0.0000	pgd20_avg=0.0000	time=3.85it/s
2021-09-17 05:34:31,444 Eval Loss:6.8549	Eval acc: 15.19
2021-09-17 05:34:31,733 Model Saved at ../experiments/min-min/samplewise/cifar10/std_epsilon8/main/resnet18/checkpoints/resnet18
2021-09-17 05:34:31,734 
2021-09-17 05:34:31,734 ====================Training Epoch 36====================
2021-09-17 05:34:36,413 epoch=36	global_step=14100	acc=1.0000	acc_avg=0.9910	loss=0.0121	loss_avg=0.0278	lr=0.0345	|gn|=0.3917	time=14.90it/s
2021-09-17 05:34:43,437 epoch=36	global_step=14200	acc=0.9922	acc_avg=0.9921	loss=0.0323	loss_avg=0.0263	lr=0.0345	|gn|=0.4779	time=14.42it/s
2021-09-17 05:34:50,384 epoch=36	global_step=14300	acc=0.9922	acc_avg=0.9913	loss=0.0190	loss_avg=0.0278	lr=0.0345	|gn|=0.6826	time=14.94it/s
2021-09-17 05:34:57,441 epoch=36	global_step=14400	acc=0.9922	acc_avg=0.9911	loss=0.0270	loss_avg=0.0284	lr=0.0345	|gn|=0.7210	time=13.93it/s
2021-09-17 05:34:59,471 ====================Eval Epoch 36====================
2021-09-17 05:36:28,461 epoch=36	global_step=39	acc=0.0625	acc_avg=0.1548	acc5=0.6250	acc5_avg=0.6351	loss=8.8621	loss_avg=7.3786	_acc=0.0625	_acc_avg=0.1548	pgd20=0.0000	pgd20_avg=0.0000	time=3.85it/s
2021-09-17 05:36:28,462 Eval Loss:7.3786	Eval acc: 15.48
2021-09-17 05:36:28,759 Model Saved at ../experiments/min-min/samplewise/cifar10/std_epsilon8/main/resnet18/checkpoints/resnet18
2021-09-17 05:36:28,760 
2021-09-17 05:36:28,760 ====================Training Epoch 37====================
2021-09-17 05:36:34,294 epoch=37	global_step=14500	acc=1.0000	acc_avg=0.9915	loss=0.0067	loss_avg=0.0266	lr=0.0321	|gn|=0.3303	time=14.14it/s
2021-09-17 05:36:41,419 epoch=37	global_step=14600	acc=0.9922	acc_avg=0.9921	loss=0.0416	loss_avg=0.0242	lr=0.0321	|gn|=1.1140	time=14.26it/s
2021-09-17 05:36:48,565 epoch=37	global_step=14700	acc=0.9922	acc_avg=0.9915	loss=0.0104	loss_avg=0.0257	lr=0.0321	|gn|=0.5425	time=14.14it/s
2021-09-17 05:36:55,542 epoch=37	global_step=14800	acc=1.0000	acc_avg=0.9911	loss=0.0057	loss_avg=0.0276	lr=0.0321	|gn|=0.1686	time=14.86it/s
2021-09-17 05:36:56,870 ====================Eval Epoch 37====================
2021-09-17 05:38:25,965 epoch=37	global_step=39	acc=0.0000	acc_avg=0.1558	acc5=0.6875	acc5_avg=0.6164	loss=6.7591	loss_avg=6.0361	_acc=0.0000	_acc_avg=0.1558	pgd20=0.0000	pgd20_avg=0.0000	time=3.86it/s
2021-09-17 05:38:25,966 Eval Loss:6.0361	Eval acc: 15.58
2021-09-17 05:38:26,197 Model Saved at ../experiments/min-min/samplewise/cifar10/std_epsilon8/main/resnet18/checkpoints/resnet18
2021-09-17 05:38:26,197 
2021-09-17 05:38:26,197 ====================Training Epoch 38====================
2021-09-17 05:38:32,364 epoch=38	global_step=14900	acc=0.9766	acc_avg=0.9937	loss=0.0943	loss_avg=0.0217	lr=0.0297	|gn|=1.4918	time=13.15it/s
2021-09-17 05:38:39,642 epoch=38	global_step=15000	acc=0.9922	acc_avg=0.9929	loss=0.0545	loss_avg=0.0230	lr=0.0297	|gn|=1.5244	time=13.82it/s
2021-09-17 05:38:46,770 epoch=38	global_step=15100	acc=0.9844	acc_avg=0.9920	loss=0.0440	loss_avg=0.0250	lr=0.0297	|gn|=1.1006	time=14.20it/s
2021-09-17 05:38:53,893 epoch=38	global_step=15200	acc=0.9766	acc_avg=0.9918	loss=0.0609	loss_avg=0.0255	lr=0.0297	|gn|=1.5024	time=14.15it/s
2021-09-17 05:38:54,589 ====================Eval Epoch 38====================
2021-09-17 05:40:23,693 epoch=38	global_step=39	acc=0.0625	acc_avg=0.1590	acc5=0.5625	acc5_avg=0.6273	loss=7.3038	loss_avg=6.5863	_acc=0.0625	_acc_avg=0.1590	pgd20=0.0000	pgd20_avg=0.0001	time=3.88it/s
2021-09-17 05:40:23,693 Eval Loss:6.5863	Eval acc: 15.90
2021-09-17 05:40:23,951 Model Saved at ../experiments/min-min/samplewise/cifar10/std_epsilon8/main/resnet18/checkpoints/resnet18
2021-09-17 05:40:23,952 
2021-09-17 05:40:23,952 ====================Training Epoch 39====================
2021-09-17 05:40:30,688 epoch=39	global_step=15300	acc=0.9844	acc_avg=0.9940	loss=0.0371	loss_avg=0.0175	lr=0.0273	|gn|=0.9533	time=13.58it/s
2021-09-17 05:40:37,925 epoch=39	global_step=15400	acc=1.0000	acc_avg=0.9931	loss=0.0132	loss_avg=0.0209	lr=0.0273	|gn|=0.5263	time=14.47it/s
2021-09-17 05:40:45,110 epoch=39	global_step=15500	acc=1.0000	acc_avg=0.9934	loss=0.0078	loss_avg=0.0204	lr=0.0273	|gn|=0.4157	time=14.05it/s
2021-09-17 05:40:52,332 ====================Eval Epoch 39====================
2021-09-17 05:42:21,516 epoch=39	global_step=39	acc=0.0625	acc_avg=0.1518	acc5=0.4375	acc5_avg=0.6115	loss=8.4443	loss_avg=6.7385	_acc=0.0625	_acc_avg=0.1518	pgd20=0.0000	pgd20_avg=0.0001	time=3.49it/s
2021-09-17 05:42:21,517 Eval Loss:6.7385	Eval acc: 15.18
2021-09-17 05:42:21,799 Model Saved at ../experiments/min-min/samplewise/cifar10/std_epsilon8/main/resnet18/checkpoints/resnet18
2021-09-17 05:42:21,799 
2021-09-17 05:42:21,799 ====================Training Epoch 40====================
2021-09-17 05:42:22,318 epoch=40	global_step=15600	acc=0.9766	acc_avg=0.9766	loss=0.0499	loss_avg=0.0499	lr=0.0250	|gn|=1.3743	time=13.24it/s
2021-09-17 05:42:29,205 epoch=40	global_step=15700	acc=1.0000	acc_avg=0.9957	loss=0.0146	loss_avg=0.0153	lr=0.0250	|gn|=0.5221	time=14.84it/s
2021-09-17 05:42:35,970 epoch=40	global_step=15800	acc=1.0000	acc_avg=0.9956	loss=0.0114	loss_avg=0.0157	lr=0.0250	|gn|=0.4063	time=14.80it/s
2021-09-17 05:42:42,826 epoch=40	global_step=15900	acc=0.9922	acc_avg=0.9948	loss=0.0269	loss_avg=0.0173	lr=0.0250	|gn|=0.9250	time=14.98it/s
2021-09-17 05:42:49,065 ====================Eval Epoch 40====================
2021-09-17 05:44:18,179 epoch=40	global_step=39	acc=0.1250	acc_avg=0.1680	acc5=0.6250	acc5_avg=0.6213	loss=6.7783	loss_avg=5.7647	_acc=0.1250	_acc_avg=0.1680	pgd20=0.0000	pgd20_avg=0.0000	time=3.78it/s
2021-09-17 05:44:18,180 Eval Loss:5.7647	Eval acc: 16.80
2021-09-17 05:44:18,492 Model Saved at ../experiments/min-min/samplewise/cifar10/std_epsilon8/main/resnet18/checkpoints/resnet18
2021-09-17 05:44:18,492 
2021-09-17 05:44:18,492 ====================Training Epoch 41====================
2021-09-17 05:44:19,723 epoch=41	global_step=16000	acc=0.9844	acc_avg=0.9872	loss=0.0328	loss_avg=0.0420	lr=0.0228	|gn|=1.0062	time=13.57it/s
2021-09-17 05:44:26,818 epoch=41	global_step=16100	acc=0.9922	acc_avg=0.9937	loss=0.0448	loss_avg=0.0228	lr=0.0228	|gn|=1.0572	time=13.96it/s
2021-09-17 05:44:33,856 epoch=41	global_step=16200	acc=0.9844	acc_avg=0.9939	loss=0.0409	loss_avg=0.0216	lr=0.0228	|gn|=0.9686	time=14.90it/s
2021-09-17 05:44:41,059 epoch=41	global_step=16300	acc=0.9844	acc_avg=0.9944	loss=0.0473	loss_avg=0.0201	lr=0.0228	|gn|=1.0353	time=14.66it/s
2021-09-17 05:44:46,595 ====================Eval Epoch 41====================
2021-09-17 05:46:15,684 epoch=41	global_step=39	acc=0.0000	acc_avg=0.1589	acc5=0.5000	acc5_avg=0.5868	loss=7.3227	loss_avg=6.2204	_acc=0.0000	_acc_avg=0.1589	pgd20=0.0000	pgd20_avg=0.0001	time=3.84it/s
2021-09-17 05:46:15,685 Eval Loss:6.2204	Eval acc: 15.89
2021-09-17 05:46:15,959 Model Saved at ../experiments/min-min/samplewise/cifar10/std_epsilon8/main/resnet18/checkpoints/resnet18
2021-09-17 05:46:15,959 
2021-09-17 05:46:15,959 ====================Training Epoch 42====================
2021-09-17 05:46:17,807 epoch=42	global_step=16400	acc=1.0000	acc_avg=0.9937	loss=0.0106	loss_avg=0.0216	lr=0.0206	|gn|=0.3514	time=14.03it/s
2021-09-17 05:46:24,711 epoch=42	global_step=16500	acc=1.0000	acc_avg=0.9952	loss=0.0040	loss_avg=0.0167	lr=0.0206	|gn|=0.1236	time=15.24it/s
2021-09-17 05:46:31,560 epoch=42	global_step=16600	acc=0.9922	acc_avg=0.9952	loss=0.0165	loss_avg=0.0163	lr=0.0206	|gn|=0.9132	time=14.77it/s
2021-09-17 05:46:38,698 epoch=42	global_step=16700	acc=0.9922	acc_avg=0.9955	loss=0.0136	loss_avg=0.0156	lr=0.0206	|gn|=0.7517	time=13.93it/s
2021-09-17 05:46:43,463 ====================Eval Epoch 42====================
2021-09-17 05:48:12,641 epoch=42	global_step=39	acc=0.0000	acc_avg=0.1547	acc5=0.5625	acc5_avg=0.6085	loss=7.8502	loss_avg=6.7384	_acc=0.0000	_acc_avg=0.1547	pgd20=0.0000	pgd20_avg=0.0001	time=3.83it/s
2021-09-17 05:48:12,641 Eval Loss:6.7384	Eval acc: 15.47
2021-09-17 05:48:12,916 Model Saved at ../experiments/min-min/samplewise/cifar10/std_epsilon8/main/resnet18/checkpoints/resnet18
2021-09-17 05:48:12,916 
2021-09-17 05:48:12,916 ====================Training Epoch 43====================
2021-09-17 05:48:15,551 epoch=43	global_step=16800	acc=1.0000	acc_avg=0.9957	loss=0.0043	loss_avg=0.0128	lr=0.0185	|gn|=0.3896	time=14.88it/s
2021-09-17 05:48:22,712 epoch=43	global_step=16900	acc=1.0000	acc_avg=0.9965	loss=0.0165	loss_avg=0.0118	lr=0.0185	|gn|=0.7526	time=14.58it/s
2021-09-17 05:48:29,901 epoch=43	global_step=17000	acc=1.0000	acc_avg=0.9962	loss=0.0025	loss_avg=0.0130	lr=0.0185	|gn|=0.1522	time=13.53it/s
2021-09-17 05:48:36,974 epoch=43	global_step=17100	acc=0.9922	acc_avg=0.9956	loss=0.0152	loss_avg=0.0146	lr=0.0185	|gn|=0.5079	time=14.78it/s
2021-09-17 05:48:41,202 ====================Eval Epoch 43====================
2021-09-17 05:50:10,402 epoch=43	global_step=39	acc=0.0625	acc_avg=0.1655	acc5=0.5000	acc5_avg=0.6277	loss=6.0316	loss_avg=5.5073	_acc=0.0625	_acc_avg=0.1655	pgd20=0.0000	pgd20_avg=0.0001	time=3.88it/s
2021-09-17 05:50:10,402 Eval Loss:5.5073	Eval acc: 16.55
2021-09-17 05:50:10,650 Model Saved at ../experiments/min-min/samplewise/cifar10/std_epsilon8/main/resnet18/checkpoints/resnet18
2021-09-17 05:50:10,650 
2021-09-17 05:50:10,651 ====================Training Epoch 44====================
2021-09-17 05:50:13,801 epoch=44	global_step=17200	acc=1.0000	acc_avg=0.9968	loss=0.0031	loss_avg=0.0115	lr=0.0165	|gn|=0.0989	time=15.33it/s
2021-09-17 05:50:20,550 epoch=44	global_step=17300	acc=0.9844	acc_avg=0.9969	loss=0.0255	loss_avg=0.0110	lr=0.0165	|gn|=1.0191	time=14.97it/s
2021-09-17 05:50:27,373 epoch=44	global_step=17400	acc=1.0000	acc_avg=0.9965	loss=0.0119	loss_avg=0.0122	lr=0.0165	|gn|=0.6191	time=14.48it/s
2021-09-17 05:50:34,038 epoch=44	global_step=17500	acc=0.9922	acc_avg=0.9959	loss=0.0125	loss_avg=0.0132	lr=0.0165	|gn|=0.5329	time=15.20it/s
2021-09-17 05:50:37,327 ====================Eval Epoch 44====================
2021-09-17 05:52:06,510 epoch=44	global_step=39	acc=0.0000	acc_avg=0.1500	acc5=0.5000	acc5_avg=0.6150	loss=7.5283	loss_avg=6.1981	_acc=0.0000	_acc_avg=0.1500	pgd20=0.0000	pgd20_avg=0.0000	time=3.84it/s
2021-09-17 05:52:06,510 Eval Loss:6.1981	Eval acc: 15.00
2021-09-17 05:52:06,773 Model Saved at ../experiments/min-min/samplewise/cifar10/std_epsilon8/main/resnet18/checkpoints/resnet18
2021-09-17 05:52:06,773 
2021-09-17 05:52:06,773 ====================Training Epoch 45====================
2021-09-17 05:52:10,862 epoch=45	global_step=17600	acc=0.9922	acc_avg=0.9959	loss=0.0246	loss_avg=0.0142	lr=0.0146	|gn|=1.2157	time=14.16it/s
2021-09-17 05:52:18,110 epoch=45	global_step=17700	acc=0.9922	acc_avg=0.9965	loss=0.0108	loss_avg=0.0118	lr=0.0146	|gn|=0.6007	time=13.32it/s
2021-09-17 05:52:25,286 epoch=45	global_step=17800	acc=1.0000	acc_avg=0.9968	loss=0.0027	loss_avg=0.0106	lr=0.0146	|gn|=0.1171	time=13.95it/s
2021-09-17 05:52:32,358 epoch=45	global_step=17900	acc=0.9922	acc_avg=0.9965	loss=0.0260	loss_avg=0.0118	lr=0.0146	|gn|=0.8144	time=14.98it/s
2021-09-17 05:52:35,116 ====================Eval Epoch 45====================
2021-09-17 05:54:04,289 epoch=45	global_step=39	acc=0.0000	acc_avg=0.1611	acc5=0.5625	acc5_avg=0.6178	loss=6.9502	loss_avg=5.6455	_acc=0.0000	_acc_avg=0.1611	pgd20=0.0000	pgd20_avg=0.0000	time=3.82it/s
2021-09-17 05:54:04,290 Eval Loss:5.6455	Eval acc: 16.11
2021-09-17 05:54:04,567 Model Saved at ../experiments/min-min/samplewise/cifar10/std_epsilon8/main/resnet18/checkpoints/resnet18
2021-09-17 05:54:04,859 
2021-09-17 05:54:04,859 ====================Training Epoch 46====================
2021-09-17 05:54:09,667 epoch=46	global_step=18000	acc=1.0000	acc_avg=0.9977	loss=0.0035	loss_avg=0.0083	lr=0.0128	|gn|=0.2207	time=13.98it/s
2021-09-17 05:54:16,697 epoch=46	global_step=18100	acc=1.0000	acc_avg=0.9974	loss=0.0019	loss_avg=0.0092	lr=0.0128	|gn|=0.1118	time=14.82it/s
2021-09-17 05:54:23,714 epoch=46	global_step=18200	acc=0.9922	acc_avg=0.9977	loss=0.0101	loss_avg=0.0087	lr=0.0128	|gn|=0.6126	time=13.54it/s
2021-09-17 05:54:31,020 epoch=46	global_step=18300	acc=0.9922	acc_avg=0.9978	loss=0.0219	loss_avg=0.0084	lr=0.0128	|gn|=1.0319	time=14.17it/s
2021-09-17 05:54:33,034 ====================Eval Epoch 46====================
2021-09-17 05:56:02,204 epoch=46	global_step=39	acc=0.0000	acc_avg=0.1450	acc5=0.4375	acc5_avg=0.6116	loss=8.0389	loss_avg=6.6395	_acc=0.0000	_acc_avg=0.1450	pgd20=0.0000	pgd20_avg=0.0001	time=3.66it/s
2021-09-17 05:56:02,205 Eval Loss:6.6395	Eval acc: 14.50
2021-09-17 05:56:02,484 Model Saved at ../experiments/min-min/samplewise/cifar10/std_epsilon8/main/resnet18/checkpoints/resnet18
2021-09-17 05:56:02,484 
2021-09-17 05:56:02,485 ====================Training Epoch 47====================
2021-09-17 05:56:07,928 epoch=47	global_step=18400	acc=0.9922	acc_avg=0.9976	loss=0.0242	loss_avg=0.0092	lr=0.0111	|gn|=1.0739	time=12.74it/s
2021-09-17 05:56:15,166 epoch=47	global_step=18500	acc=1.0000	acc_avg=0.9974	loss=0.0028	loss_avg=0.0088	lr=0.0111	|gn|=0.2602	time=14.22it/s
2021-09-17 05:56:22,270 epoch=47	global_step=18600	acc=1.0000	acc_avg=0.9976	loss=0.0013	loss_avg=0.0085	lr=0.0111	|gn|=0.0473	time=14.79it/s
2021-09-17 05:56:29,373 epoch=47	global_step=18700	acc=1.0000	acc_avg=0.9978	loss=0.0014	loss_avg=0.0080	lr=0.0111	|gn|=0.0353	time=13.35it/s
2021-09-17 05:56:30,714 ====================Eval Epoch 47====================
2021-09-17 05:57:59,815 epoch=47	global_step=39	acc=0.0000	acc_avg=0.1481	acc5=0.5000	acc5_avg=0.6009	loss=7.2086	loss_avg=5.9715	_acc=0.0000	_acc_avg=0.1481	pgd20=0.0000	pgd20_avg=0.0000	time=3.85it/s
2021-09-17 05:57:59,817 Eval Loss:5.9715	Eval acc: 14.81
2021-09-17 05:58:00,098 Model Saved at ../experiments/min-min/samplewise/cifar10/std_epsilon8/main/resnet18/checkpoints/resnet18
2021-09-17 05:58:00,098 
2021-09-17 05:58:00,098 ====================Training Epoch 48====================
2021-09-17 05:58:06,181 epoch=48	global_step=18800	acc=1.0000	acc_avg=0.9984	loss=0.0023	loss_avg=0.0066	lr=0.0095	|gn|=0.0952	time=14.22it/s
2021-09-17 05:58:12,928 epoch=48	global_step=18900	acc=0.9922	acc_avg=0.9984	loss=0.0118	loss_avg=0.0061	lr=0.0095	|gn|=0.3951	time=15.38it/s
2021-09-17 05:58:19,707 epoch=48	global_step=19000	acc=1.0000	acc_avg=0.9981	loss=0.0035	loss_avg=0.0074	lr=0.0095	|gn|=0.2312	time=14.70it/s
2021-09-17 05:58:26,503 epoch=48	global_step=19100	acc=1.0000	acc_avg=0.9981	loss=0.0115	loss_avg=0.0072	lr=0.0095	|gn|=0.7098	time=15.35it/s
2021-09-17 05:58:27,145 ====================Eval Epoch 48====================
2021-09-17 05:59:56,249 epoch=48	global_step=39	acc=0.0000	acc_avg=0.1515	acc5=0.5000	acc5_avg=0.5838	loss=7.7059	loss_avg=6.3780	_acc=0.0000	_acc_avg=0.1515	pgd20=0.0000	pgd20_avg=0.0001	time=3.67it/s
2021-09-17 05:59:56,250 Eval Loss:6.3780	Eval acc: 15.15
2021-09-17 05:59:56,520 Model Saved at ../experiments/min-min/samplewise/cifar10/std_epsilon8/main/resnet18/checkpoints/resnet18
2021-09-17 05:59:56,520 
2021-09-17 05:59:56,520 ====================Training Epoch 49====================
2021-09-17 06:00:03,289 epoch=49	global_step=19200	acc=1.0000	acc_avg=0.9987	loss=0.0011	loss_avg=0.0062	lr=0.0081	|gn|=0.0551	time=14.53it/s
2021-09-17 06:00:10,419 epoch=49	global_step=19300	acc=0.9922	acc_avg=0.9991	loss=0.0135	loss_avg=0.0050	lr=0.0081	|gn|=1.2331	time=14.06it/s
2021-09-17 06:00:17,254 epoch=49	global_step=19400	acc=1.0000	acc_avg=0.9991	loss=0.0009	loss_avg=0.0047	lr=0.0081	|gn|=0.0186	time=14.09it/s
2021-09-17 06:00:24,280 ====================Eval Epoch 49====================
2021-09-17 06:01:53,393 epoch=49	global_step=39	acc=0.0000	acc_avg=0.1520	acc5=0.4375	acc5_avg=0.6198	loss=7.1536	loss_avg=5.7113	_acc=0.0000	_acc_avg=0.1520	pgd20=0.0000	pgd20_avg=0.0000	time=3.87it/s
2021-09-17 06:01:53,394 Eval Loss:5.7113	Eval acc: 15.20
2021-09-17 06:01:53,655 Model Saved at ../experiments/min-min/samplewise/cifar10/std_epsilon8/main/resnet18/checkpoints/resnet18
2021-09-17 06:01:53,655 
2021-09-17 06:01:53,655 ====================Training Epoch 50====================
2021-09-17 06:01:54,144 epoch=50	global_step=19500	acc=1.0000	acc_avg=1.0000	loss=0.0035	loss_avg=0.0035	lr=0.0067	|gn|=0.3201	time=13.61it/s
2021-09-17 06:02:01,086 epoch=50	global_step=19600	acc=1.0000	acc_avg=0.9991	loss=0.0044	loss_avg=0.0038	lr=0.0067	|gn|=0.3073	time=14.32it/s
2021-09-17 06:02:08,014 epoch=50	global_step=19700	acc=1.0000	acc_avg=0.9991	loss=0.0022	loss_avg=0.0038	lr=0.0067	|gn|=0.1231	time=14.34it/s
2021-09-17 06:02:14,777 epoch=50	global_step=19800	acc=1.0000	acc_avg=0.9992	loss=0.0022	loss_avg=0.0037	lr=0.0067	|gn|=0.0795	time=14.39it/s
2021-09-17 06:02:20,890 ====================Eval Epoch 50====================
2021-09-17 06:03:50,030 epoch=50	global_step=39	acc=0.0000	acc_avg=0.1546	acc5=0.5000	acc5_avg=0.5977	loss=7.2175	loss_avg=5.7178	_acc=0.0000	_acc_avg=0.1546	pgd20=0.0000	pgd20_avg=0.0000	time=3.87it/s
2021-09-17 06:03:50,030 Eval Loss:5.7178	Eval acc: 15.46
2021-09-17 06:03:50,355 Model Saved at ../experiments/min-min/samplewise/cifar10/std_epsilon8/main/resnet18/checkpoints/resnet18
2021-09-17 06:03:50,355 
2021-09-17 06:03:50,355 ====================Training Epoch 51====================
2021-09-17 06:03:51,584 epoch=51	global_step=19900	acc=1.0000	acc_avg=1.0000	loss=0.0078	loss_avg=0.0025	lr=0.0054	|gn|=0.8159	time=14.01it/s
2021-09-17 06:03:58,688 epoch=51	global_step=20000	acc=1.0000	acc_avg=0.9995	loss=0.0020	loss_avg=0.0030	lr=0.0054	|gn|=0.0622	time=13.84it/s
2021-09-17 06:04:05,776 epoch=51	global_step=20100	acc=1.0000	acc_avg=0.9995	loss=0.0010	loss_avg=0.0031	lr=0.0054	|gn|=0.0269	time=14.51it/s
2021-09-17 06:04:12,769 epoch=51	global_step=20200	acc=1.0000	acc_avg=0.9994	loss=0.0010	loss_avg=0.0034	lr=0.0054	|gn|=0.0196	time=13.63it/s
2021-09-17 06:04:18,395 ====================Eval Epoch 51====================
2021-09-17 06:05:47,526 epoch=51	global_step=39	acc=0.0000	acc_avg=0.1647	acc5=0.5000	acc5_avg=0.6023	loss=6.5675	loss_avg=5.2356	_acc=0.0000	_acc_avg=0.1647	pgd20=0.0000	pgd20_avg=0.0000	time=3.80it/s
2021-09-17 06:05:47,526 Eval Loss:5.2356	Eval acc: 16.47
2021-09-17 06:05:47,775 Model Saved at ../experiments/min-min/samplewise/cifar10/std_epsilon8/main/resnet18/checkpoints/resnet18
2021-09-17 06:05:47,775 
2021-09-17 06:05:47,775 ====================Training Epoch 52====================
2021-09-17 06:05:49,636 epoch=52	global_step=20300	acc=1.0000	acc_avg=0.9996	loss=0.0064	loss_avg=0.0028	lr=0.0043	|gn|=0.6811	time=13.75it/s
2021-09-17 06:05:56,517 epoch=52	global_step=20400	acc=1.0000	acc_avg=0.9996	loss=0.0007	loss_avg=0.0024	lr=0.0043	|gn|=0.0113	time=14.74it/s
2021-09-17 06:06:03,628 epoch=52	global_step=20500	acc=1.0000	acc_avg=0.9996	loss=0.0008	loss_avg=0.0025	lr=0.0043	|gn|=0.0187	time=14.09it/s
2021-09-17 06:06:10,679 epoch=52	global_step=20600	acc=1.0000	acc_avg=0.9996	loss=0.0008	loss_avg=0.0026	lr=0.0043	|gn|=0.0205	time=13.90it/s
2021-09-17 06:06:15,594 ====================Eval Epoch 52====================
2021-09-17 06:07:44,812 epoch=52	global_step=39	acc=0.0000	acc_avg=0.1526	acc5=0.5000	acc5_avg=0.6065	loss=7.4967	loss_avg=5.9544	_acc=0.0000	_acc_avg=0.1526	pgd20=0.0000	pgd20_avg=0.0000	time=3.68it/s
2021-09-17 06:07:44,813 Eval Loss:5.9544	Eval acc: 15.26
2021-09-17 06:07:45,104 Model Saved at ../experiments/min-min/samplewise/cifar10/std_epsilon8/main/resnet18/checkpoints/resnet18
2021-09-17 06:07:45,104 
2021-09-17 06:07:45,104 ====================Training Epoch 53====================
2021-09-17 06:07:47,692 epoch=53	global_step=20700	acc=1.0000	acc_avg=1.0000	loss=0.0008	loss_avg=0.0021	lr=0.0033	|gn|=0.0171	time=14.17it/s
2021-09-17 06:07:54,703 epoch=53	global_step=20800	acc=1.0000	acc_avg=0.9998	loss=0.0014	loss_avg=0.0022	lr=0.0033	|gn|=0.0783	time=14.52it/s
2021-09-17 06:08:01,802 epoch=53	global_step=20900	acc=1.0000	acc_avg=0.9999	loss=0.0007	loss_avg=0.0021	lr=0.0033	|gn|=0.0120	time=14.00it/s
2021-09-17 06:08:08,589 epoch=53	global_step=21000	acc=1.0000	acc_avg=0.9998	loss=0.0060	loss_avg=0.0021	lr=0.0033	|gn|=0.5104	time=14.73it/s
2021-09-17 06:08:12,719 ====================Eval Epoch 53====================
2021-09-17 06:09:41,896 epoch=53	global_step=39	acc=0.0000	acc_avg=0.1522	acc5=0.4375	acc5_avg=0.5949	loss=7.4775	loss_avg=5.9156	_acc=0.0000	_acc_avg=0.1522	pgd20=0.0000	pgd20_avg=0.0000	time=3.81it/s
2021-09-17 06:09:41,897 Eval Loss:5.9156	Eval acc: 15.22
2021-09-17 06:09:42,192 Model Saved at ../experiments/min-min/samplewise/cifar10/std_epsilon8/main/resnet18/checkpoints/resnet18
2021-09-17 06:09:42,192 
2021-09-17 06:09:42,192 ====================Training Epoch 54====================
2021-09-17 06:09:45,470 epoch=54	global_step=21100	acc=1.0000	acc_avg=1.0000	loss=0.0027	loss_avg=0.0016	lr=0.0024	|gn|=0.2389	time=15.25it/s
2021-09-17 06:09:52,277 epoch=54	global_step=21200	acc=1.0000	acc_avg=0.9998	loss=0.0005	loss_avg=0.0018	lr=0.0024	|gn|=0.0130	time=13.71it/s
2021-09-17 06:09:59,494 epoch=54	global_step=21300	acc=1.0000	acc_avg=0.9999	loss=0.0010	loss_avg=0.0017	lr=0.0024	|gn|=0.0443	time=15.08it/s
2021-09-17 06:10:06,818 epoch=54	global_step=21400	acc=1.0000	acc_avg=0.9999	loss=0.0010	loss_avg=0.0018	lr=0.0024	|gn|=0.0334	time=13.79it/s
2021-09-17 06:10:10,404 ====================Eval Epoch 54====================
2021-09-17 06:11:39,391 epoch=54	global_step=39	acc=0.0000	acc_avg=0.1532	acc5=0.4375	acc5_avg=0.6056	loss=7.6751	loss_avg=5.9589	_acc=0.0000	_acc_avg=0.1532	pgd20=0.0000	pgd20_avg=0.0000	time=3.83it/s
2021-09-17 06:11:39,392 Eval Loss:5.9589	Eval acc: 15.32
2021-09-17 06:11:39,684 Model Saved at ../experiments/min-min/samplewise/cifar10/std_epsilon8/main/resnet18/checkpoints/resnet18
2021-09-17 06:11:39,684 
2021-09-17 06:11:39,684 ====================Training Epoch 55====================
2021-09-17 06:11:43,721 epoch=55	global_step=21500	acc=1.0000	acc_avg=0.9998	loss=0.0015	loss_avg=0.0016	lr=0.0017	|gn|=0.1076	time=13.85it/s
2021-09-17 06:11:50,566 epoch=55	global_step=21600	acc=1.0000	acc_avg=0.9998	loss=0.0013	loss_avg=0.0018	lr=0.0017	|gn|=0.0302	time=15.02it/s
2021-09-17 06:11:57,345 epoch=55	global_step=21700	acc=1.0000	acc_avg=0.9997	loss=0.0018	loss_avg=0.0020	lr=0.0017	|gn|=0.0512	time=15.12it/s
2021-09-17 06:12:04,110 epoch=55	global_step=21800	acc=1.0000	acc_avg=0.9997	loss=0.0009	loss_avg=0.0020	lr=0.0017	|gn|=0.0183	time=14.48it/s
2021-09-17 06:12:06,785 ====================Eval Epoch 55====================
2021-09-17 06:13:35,912 epoch=55	global_step=39	acc=0.0000	acc_avg=0.1595	acc5=0.4375	acc5_avg=0.6031	loss=7.3712	loss_avg=5.6879	_acc=0.0000	_acc_avg=0.1595	pgd20=0.0000	pgd20_avg=0.0000	time=3.80it/s
2021-09-17 06:13:35,913 Eval Loss:5.6879	Eval acc: 15.95
2021-09-17 06:13:36,194 Model Saved at ../experiments/min-min/samplewise/cifar10/std_epsilon8/main/resnet18/checkpoints/resnet18
2021-09-17 06:13:36,194 
2021-09-17 06:13:36,194 ====================Training Epoch 56====================
2021-09-17 06:13:40,941 epoch=56	global_step=21900	acc=1.0000	acc_avg=0.9999	loss=0.0017	loss_avg=0.0020	lr=0.0011	|gn|=0.0680	time=14.74it/s
2021-09-17 06:13:48,121 epoch=56	global_step=22000	acc=1.0000	acc_avg=0.9999	loss=0.0013	loss_avg=0.0018	lr=0.0011	|gn|=0.0323	time=14.60it/s
2021-09-17 06:13:55,411 epoch=56	global_step=22100	acc=1.0000	acc_avg=0.9999	loss=0.0046	loss_avg=0.0018	lr=0.0011	|gn|=0.3236	time=13.98it/s
2021-09-17 06:14:02,599 epoch=56	global_step=22200	acc=1.0000	acc_avg=0.9999	loss=0.0093	loss_avg=0.0017	lr=0.0011	|gn|=1.2853	time=13.36it/s
2021-09-17 06:14:04,710 ====================Eval Epoch 56====================
2021-09-17 06:15:33,827 epoch=56	global_step=39	acc=0.0000	acc_avg=0.1557	acc5=0.4375	acc5_avg=0.6043	loss=7.4320	loss_avg=5.7495	_acc=0.0000	_acc_avg=0.1557	pgd20=0.0000	pgd20_avg=0.0000	time=3.29it/s
2021-09-17 06:15:33,828 Eval Loss:5.7495	Eval acc: 15.57
2021-09-17 06:15:34,108 Model Saved at ../experiments/min-min/samplewise/cifar10/std_epsilon8/main/resnet18/checkpoints/resnet18
2021-09-17 06:15:34,108 
2021-09-17 06:15:34,108 ====================Training Epoch 57====================
2021-09-17 06:15:39,475 epoch=57	global_step=22300	acc=1.0000	acc_avg=0.9998	loss=0.0006	loss_avg=0.0019	lr=0.0006	|gn|=0.0170	time=15.18it/s
2021-09-17 06:15:46,459 epoch=57	global_step=22400	acc=1.0000	acc_avg=0.9998	loss=0.0056	loss_avg=0.0018	lr=0.0006	|gn|=0.6511	time=14.78it/s
2021-09-17 06:15:53,469 epoch=57	global_step=22500	acc=1.0000	acc_avg=0.9998	loss=0.0012	loss_avg=0.0018	lr=0.0006	|gn|=0.0500	time=13.99it/s
2021-09-17 06:16:00,627 epoch=57	global_step=22600	acc=1.0000	acc_avg=0.9998	loss=0.0012	loss_avg=0.0018	lr=0.0006	|gn|=0.1206	time=14.79it/s
2021-09-17 06:16:01,984 ====================Eval Epoch 57====================
2021-09-17 06:17:31,028 epoch=57	global_step=39	acc=0.0000	acc_avg=0.1551	acc5=0.3750	acc5_avg=0.6034	loss=7.4089	loss_avg=5.7481	_acc=0.0000	_acc_avg=0.1551	pgd20=0.0000	pgd20_avg=0.0000	time=3.85it/s
2021-09-17 06:17:31,028 Eval Loss:5.7481	Eval acc: 15.51
2021-09-17 06:17:31,317 Model Saved at ../experiments/min-min/samplewise/cifar10/std_epsilon8/main/resnet18/checkpoints/resnet18
2021-09-17 06:17:31,318 
2021-09-17 06:17:31,318 ====================Training Epoch 58====================
2021-09-17 06:17:37,645 epoch=58	global_step=22700	acc=1.0000	acc_avg=0.9998	loss=0.0009	loss_avg=0.0018	lr=0.0003	|gn|=0.0190	time=14.23it/s
2021-09-17 06:17:44,825 epoch=58	global_step=22800	acc=0.9922	acc_avg=0.9997	loss=0.0161	loss_avg=0.0019	lr=0.0003	|gn|=1.4407	time=14.89it/s
2021-09-17 06:17:52,028 epoch=58	global_step=22900	acc=1.0000	acc_avg=0.9998	loss=0.0008	loss_avg=0.0018	lr=0.0003	|gn|=0.0173	time=13.47it/s
2021-09-17 06:17:59,292 epoch=58	global_step=23000	acc=1.0000	acc_avg=0.9998	loss=0.0017	loss_avg=0.0018	lr=0.0003	|gn|=0.0898	time=14.20it/s
2021-09-17 06:17:59,975 ====================Eval Epoch 58====================
2021-09-17 06:19:29,124 epoch=58	global_step=39	acc=0.0000	acc_avg=0.1504	acc5=0.3750	acc5_avg=0.6001	loss=7.6363	loss_avg=5.9302	_acc=0.0000	_acc_avg=0.1504	pgd20=0.0000	pgd20_avg=0.0000	time=3.85it/s
2021-09-17 06:19:29,125 Eval Loss:5.9302	Eval acc: 15.04
2021-09-17 06:19:29,389 Model Saved at ../experiments/min-min/samplewise/cifar10/std_epsilon8/main/resnet18/checkpoints/resnet18
2021-09-17 06:19:29,389 
2021-09-17 06:19:29,389 ====================Training Epoch 59====================
2021-09-17 06:19:36,183 epoch=59	global_step=23100	acc=1.0000	acc_avg=0.9998	loss=0.0008	loss_avg=0.0019	lr=0.0001	|gn|=0.0315	time=14.46it/s
2021-09-17 06:19:43,384 epoch=59	global_step=23200	acc=1.0000	acc_avg=0.9998	loss=0.0013	loss_avg=0.0018	lr=0.0001	|gn|=0.0433	time=14.78it/s
2021-09-17 06:19:50,420 epoch=59	global_step=23300	acc=1.0000	acc_avg=0.9998	loss=0.0018	loss_avg=0.0018	lr=0.0001	|gn|=0.1133	time=14.59it/s
2021-09-17 06:19:57,551 ====================Eval Epoch 59====================
2021-09-17 06:21:26,645 epoch=59	global_step=39	acc=0.0000	acc_avg=0.1513	acc5=0.4375	acc5_avg=0.6025	loss=7.4650	loss_avg=5.8081	_acc=0.0000	_acc_avg=0.1513	pgd20=0.0000	pgd20_avg=0.0000	time=3.84it/s
2021-09-17 06:21:26,646 Eval Loss:5.8081	Eval acc: 15.13
2021-09-17 06:21:26,976 Model Saved at ../experiments/min-min/samplewise/cifar10/std_epsilon8/main/resnet18/checkpoints/resnet18
2021-09-17 06:21:26,976 ====================Eval on original lables====================
2021-09-17 06:21:26,976 ====================Eval Epoch 60====================
2021-09-17 06:22:56,250 epoch=60	global_step=39	acc=0.0000	acc_avg=0.1513	acc5=0.4375	acc5_avg=0.6025	loss=7.4650	loss_avg=5.8081	_acc=0.0000	_acc_avg=0.1513	pgd20=0.0000	pgd20_avg=0.0000	time=3.54it/s
2021-09-17 06:22:56,302 Running Cost 0.08 Days 

